#
# There is insufficient memory for the Java Runtime Environment to continue.
# Native memory allocation (malloc) failed to allocate 32744 bytes for ChunkPool::allocate
# Possible reasons:
#   The system is out of physical RAM or swap space
#   The process is running with CompressedOops enabled, and the Java Heap may be blocking the growth of the native heap
# Possible solutions:
#   Reduce memory load on the system
#   Increase physical memory or swap space
#   Check if swap backing store is full
#   Decrease Java heap size (-Xmx/-Xms)
#   Decrease number of Java threads
#   Decrease Java thread stack sizes (-Xss)
#   Set larger code cache with -XX:ReservedCodeCacheSize=
#   JVM is running with Unscaled Compressed Oops mode in which the Java heap is
#     placed in the first 4GB address space. The Java Heap base address is the
#     maximum limit for the native heap growth. Please use -XX:HeapBaseMinAddress
#     to set the Java Heap base and to place the Java Heap above 4GB virtual address.
# This output file may be truncated or incomplete.
#
#  Out of Memory Error (allocation.cpp:272), pid=2804, tid=0x0000000000001bec
#
# JRE version: OpenJDK Runtime Environment (8.0) (build 1.8.0-25-microsoft-b00)
# Java VM: OpenJDK 64-Bit Server VM (25.71-b00 mixed mode windows-amd64 compressed oops)
# Failed to write core dump. Minidumps are not enabled by default on client versions of Windows
#

---------------  T H R E A D  ---------------

Current thread (0x0000000015365800):  JavaThread "C2 CompilerThread0" daemon [_thread_in_native, id=7148, stack(0x0000000016a00000,0x0000000016b00000)]

Stack: [0x0000000016a00000,0x0000000016b00000]
[error occurred during error reporting (printing stack bounds), id 0xc0000005]

Native frames: (J=compiled Java code, j=interpreted, Vv=VM code, C=native code)


Current CompileTask:
C2:   3031  504   !   4       com.sun.tools.javac.parser.JavaTokenizer::readToken (2243 bytes)


---------------  P R O C E S S  ---------------

Java Threads: ( => current thread )
  0x0000000016d3a800 JavaThread "Service Thread" daemon [_thread_blocked, id=14424, stack(0x0000000017100000,0x0000000017200000)]
  0x000000001537f000 JavaThread "C1 CompilerThread2" daemon [_thread_blocked, id=2716, stack(0x0000000016c00000,0x0000000016d00000)]
  0x0000000015368800 JavaThread "C2 CompilerThread1" daemon [_thread_in_native, id=15052, stack(0x0000000016b00000,0x0000000016c00000)]
=>0x0000000015365800 JavaThread "C2 CompilerThread0" daemon [_thread_in_native, id=7148, stack(0x0000000016a00000,0x0000000016b00000)]
  0x000000001536c000 JavaThread "Attach Listener" daemon [_thread_blocked, id=9148, stack(0x0000000016900000,0x0000000016a00000)]
  0x000000001536a800 JavaThread "Signal Dispatcher" daemon [_thread_blocked, id=11564, stack(0x0000000016800000,0x0000000016900000)]
  0x0000000002d6c800 JavaThread "Finalizer" daemon [_thread_blocked, id=3216, stack(0x00000000165e0000,0x00000000166e0000)]
  0x0000000015349800 JavaThread "Reference Handler" daemon [_thread_blocked, id=7500, stack(0x00000000164e0000,0x00000000165e0000)]
  0x0000000002c72800 JavaThread "main" [_thread_in_native, id=15956, stack(0x0000000002b50000,0x0000000002c50000)]

Other Threads:
  0x0000000015326800 VMThread [stack: 0x00000000163e0000,0x00000000164e0000] [id=12876]
  0x0000000016d3b000 WatcherThread [stack: 0x0000000017200000,0x0000000017300000] [id=1184]

VM state:not at safepoint (normal execution)

VM Mutex/Monitor currently owned by a thread: None

heap address: 0x00000000c1800000, size: 1000 MB, Compressed Oops mode: 32-bit
Narrow klass base: 0x0000000000000000, Narrow klass shift: 3
Compressed class space size: 1073741824 Address: 0x0000000100000000

Heap:
 PSYoungGen      total 6656K, used 5081K [0x00000000eb300000, 0x00000000ec300000, 0x0000000100000000)
  eden space 6144K, 74% used [0x00000000eb300000,0x00000000eb77a6c0,0x00000000eb900000)
  from space 512K, 96% used [0x00000000eb900000,0x00000000eb97c010,0x00000000eb980000)
  to   space 2048K, 0% used [0x00000000ec100000,0x00000000ec100000,0x00000000ec300000)
 ParOldGen       total 5632K, used 2619K [0x00000000c1800000, 0x00000000c1d80000, 0x00000000eb300000)
  object space 5632K, 46% used [0x00000000c1800000,0x00000000c1a8ef98,0x00000000c1d80000)
 Metaspace       used 7302K, capacity 8180K, committed 8320K, reserved 1056768K
  class space    used 856K, capacity 880K, committed 896K, reserved 1048576K

Card table byte_map: [0x0000000012130000,0x0000000012330000] byte_map_base: 0x0000000011b24000

Marking Bits: (ParMarkBitMap*) 0x000000005cba8f30
 Begin Bits: [0x0000000012880000, 0x0000000013820000)
 End Bits:   [0x0000000013820000, 0x00000000147c0000)

Polling page: 0x0000000000d30000

CodeCache: size=245760Kb used=2821Kb max_used=2828Kb free=242938Kb
 bounds [0x0000000002d70000, 0x0000000003040000, 0x0000000011d70000]
 total_blobs=865 nmethods=579 adapters=200
 compilation: enabled

Compilation events (10 events):
Event: 2.986 Thread 0x0000000015368800 nmethod 574 0x0000000003032d50 code [0x0000000003032e80, 0x0000000003032f38]
Event: 2.986 Thread 0x0000000015368800  577       4       com.sun.tools.javac.parser.JavacParser::bracketsOpt (116 bytes)
Event: 2.991 Thread 0x0000000015368800 nmethod 577 0x000000000302fdd0 code [0x000000000302ff60, 0x0000000003030308]
Event: 2.991 Thread 0x0000000015368800  583       4       com.sun.tools.javac.parser.UnicodeReader::scanChar (45 bytes)
Event: 2.992 Thread 0x0000000015368800 nmethod 583 0x000000000302fa90 code [0x000000000302fbe0, 0x000000000302fcc8]
Event: 2.992 Thread 0x0000000015368800  582       4       com.sun.tools.javac.util.Convert::string2int (96 bytes)
Event: 3.005 Thread 0x0000000015368800 nmethod 582 0x00000000030337d0 code [0x0000000003033940, 0x00000000030341b8]
Event: 3.005 Thread 0x0000000015368800  579       4       com.sun.tools.javac.parser.JavacParser::term3 (2502 bytes)
Event: 3.011 Thread 0x000000001537f000  587       3       com.sun.tools.javac.parser.JavacParser::classOrInterfaceBody (134 bytes)
Event: 3.013 Thread 0x000000001537f000 nmethod 587 0x0000000003035210 code [0x00000000030354a0, 0x0000000003036278]

GC Heap History (10 events):
Event: 0.179 GC heap before
{Heap before GC invocations=1 (full 0):
 PSYoungGen      total 2048K, used 1536K [0x00000000eb300000, 0x00000000eb580000, 0x0000000100000000)
  eden space 1536K, 100% used [0x00000000eb300000,0x00000000eb480000,0x00000000eb480000)
  from space 512K, 0% used [0x00000000eb500000,0x00000000eb500000,0x00000000eb580000)
  to   space 512K, 0% used [0x00000000eb480000,0x00000000eb480000,0x00000000eb500000)
 ParOldGen       total 5632K, used 0K [0x00000000c1800000, 0x00000000c1d80000, 0x00000000eb300000)
  object space 5632K, 0% used [0x00000000c1800000,0x00000000c1800000,0x00000000c1d80000)
 Metaspace       used 3184K, capacity 4812K, committed 5120K, reserved 1056768K
  class space    used 359K, capacity 456K, committed 512K, reserved 1048576K
Event: 0.183 GC heap after
Heap after GC invocations=1 (full 0):
 PSYoungGen      total 2048K, used 496K [0x00000000eb300000, 0x00000000eb700000, 0x0000000100000000)
  eden space 1536K, 0% used [0x00000000eb300000,0x00000000eb300000,0x00000000eb480000)
  from space 512K, 96% used [0x00000000eb480000,0x00000000eb4fc010,0x00000000eb500000)
  to   space 512K, 0% used [0x00000000eb680000,0x00000000eb680000,0x00000000eb700000)
 ParOldGen       total 5632K, used 32K [0x00000000c1800000, 0x00000000c1d80000, 0x00000000eb300000)
  object space 5632K, 0% used [0x00000000c1800000,0x00000000c1808010,0x00000000c1d80000)
 Metaspace       used 3184K, capacity 4812K, committed 5120K, reserved 1056768K
  class space    used 359K, capacity 456K, committed 512K, reserved 1048576K
}
Event: 0.325 GC heap before
{Heap before GC invocations=2 (full 0):
 PSYoungGen      total 2048K, used 2032K [0x00000000eb300000, 0x00000000eb700000, 0x0000000100000000)
  eden space 1536K, 100% used [0x00000000eb300000,0x00000000eb480000,0x00000000eb480000)
  from space 512K, 96% used [0x00000000eb480000,0x00000000eb4fc010,0x00000000eb500000)
  to   space 512K, 0% used [0x00000000eb680000,0x00000000eb680000,0x00000000eb700000)
 ParOldGen       total 5632K, used 32K [0x00000000c1800000, 0x00000000c1d80000, 0x00000000eb300000)
  object space 5632K, 0% used [0x00000000c1800000,0x00000000c1808010,0x00000000c1d80000)
 Metaspace       used 3831K, capacity 5228K, committed 5376K, reserved 1056768K
  class space    used 430K, capacity 488K, committed 512K, reserved 1048576K
Event: 0.327 GC heap after
Heap after GC invocations=2 (full 0):
 PSYoungGen      total 3584K, used 512K [0x00000000eb300000, 0x00000000eb700000, 0x0000000100000000)
  eden space 3072K, 0% used [0x00000000eb300000,0x00000000eb300000,0x00000000eb600000)
  from space 512K, 100% used [0x00000000eb680000,0x00000000eb700000,0x00000000eb700000)
  to   space 512K, 0% used [0x00000000eb600000,0x00000000eb600000,0x00000000eb680000)
 ParOldGen       total 5632K, used 112K [0x00000000c1800000, 0x00000000c1d80000, 0x00000000eb300000)
  object space 5632K, 1% used [0x00000000c1800000,0x00000000c181c010,0x00000000c1d80000)
 Metaspace       used 3831K, capacity 5228K, committed 5376K, reserved 1056768K
  class space    used 430K, capacity 488K, committed 512K, reserved 1048576K
}
Event: 0.420 GC heap before
{Heap before GC invocations=3 (full 0):
 PSYoungGen      total 3584K, used 3584K [0x00000000eb300000, 0x00000000eb700000, 0x0000000100000000)
  eden space 3072K, 100% used [0x00000000eb300000,0x00000000eb600000,0x00000000eb600000)
  from space 512K, 100% used [0x00000000eb680000,0x00000000eb700000,0x00000000eb700000)
  to   space 512K, 0% used [0x00000000eb600000,0x00000000eb600000,0x00000000eb680000)
 ParOldGen       total 5632K, used 112K [0x00000000c1800000, 0x00000000c1d80000, 0x00000000eb300000)
  object space 5632K, 1% used [0x00000000c1800000,0x00000000c181c010,0x00000000c1d80000)
 Metaspace       used 4846K, capacity 6188K, committed 6272K, reserved 1056768K
  class space    used 574K, capacity 616K, committed 640K, reserved 1048576K
Event: 0.422 GC heap after
Heap after GC invocations=3 (full 0):
 PSYoungGen      total 3584K, used 480K [0x00000000eb300000, 0x00000000eba00000, 0x0000000100000000)
  eden space 3072K, 0% used [0x00000000eb300000,0x00000000eb300000,0x00000000eb600000)
  from space 512K, 93% used [0x00000000eb600000,0x00000000eb678020,0x00000000eb680000)
  to   space 512K, 0% used [0x00000000eb980000,0x00000000eb980000,0x00000000eba00000)
 ParOldGen       total 5632K, used 632K [0x00000000c1800000, 0x00000000c1d80000, 0x00000000eb300000)
  object space 5632K, 11% used [0x00000000c1800000,0x00000000c189e030,0x00000000c1d80000)
 Metaspace       used 4846K, capacity 6188K, committed 6272K, reserved 1056768K
  class space    used 574K, capacity 616K, committed 640K, reserved 1048576K
}
Event: 0.511 GC heap before
{Heap before GC invocations=4 (full 0):
 PSYoungGen      total 3584K, used 3548K [0x00000000eb300000, 0x00000000eba00000, 0x0000000100000000)
  eden space 3072K, 99% used [0x00000000eb300000,0x00000000eb5ff040,0x00000000eb600000)
  from space 512K, 93% used [0x00000000eb600000,0x00000000eb678020,0x00000000eb680000)
  to   space 512K, 0% used [0x00000000eb980000,0x00000000eb980000,0x00000000eba00000)
 ParOldGen       total 5632K, used 632K [0x00000000c1800000, 0x00000000c1d80000, 0x00000000eb300000)
  object space 5632K, 11% used [0x00000000c1800000,0x00000000c189e030,0x00000000c1d80000)
 Metaspace       used 5863K, capacity 7116K, committed 7296K, reserved 1056768K
  class space    used 719K, capacity 776K, committed 896K, reserved 1048576K
Event: 0.512 GC heap after
Heap after GC invocations=4 (full 0):
 PSYoungGen      total 6656K, used 511K [0x00000000eb300000, 0x00000000eba00000, 0x0000000100000000)
  eden space 6144K, 0% used [0x00000000eb300000,0x00000000eb300000,0x00000000eb900000)
  from space 512K, 99% used [0x00000000eb980000,0x00000000eb9ffc30,0x00000000eba00000)
  to   space 512K, 0% used [0x00000000eb900000,0x00000000eb900000,0x00000000eb980000)
 ParOldGen       total 5632K, used 776K [0x00000000c1800000, 0x00000000c1d80000, 0x00000000eb300000)
  object space 5632K, 13% used [0x00000000c1800000,0x00000000c18c2030,0x00000000c1d80000)
 Metaspace       used 5863K, capacity 7116K, committed 7296K, reserved 1056768K
  class space    used 719K, capacity 776K, committed 896K, reserved 1048576K
}
Event: 2.909 GC heap before
{Heap before GC invocations=5 (full 0):
 PSYoungGen      total 6656K, used 6655K [0x00000000eb300000, 0x00000000eba00000, 0x0000000100000000)
  eden space 6144K, 100% used [0x00000000eb300000,0x00000000eb900000,0x00000000eb900000)
  from space 512K, 99% used [0x00000000eb980000,0x00000000eb9ffc30,0x00000000eba00000)
  to   space 512K, 0% used [0x00000000eb900000,0x00000000eb900000,0x00000000eb980000)
 ParOldGen       total 5632K, used 776K [0x00000000c1800000, 0x00000000c1d80000, 0x00000000eb300000)
  object space 5632K, 13% used [0x00000000c1800000,0x00000000c18c2030,0x00000000c1d80000)
 Metaspace       used 7298K, capacity 8180K, committed 8320K, reserved 1056768K
  class space    used 856K, capacity 880K, committed 896K, reserved 1048576K
Event: 2.914 GC heap after
Heap after GC invocations=5 (full 0):
 PSYoungGen      total 6656K, used 496K [0x00000000eb300000, 0x00000000ec300000, 0x0000000100000000)
  eden space 6144K, 0% used [0x00000000eb300000,0x00000000eb300000,0x00000000eb900000)
  from space 512K, 96% used [0x00000000eb900000,0x00000000eb97c010,0x00000000eb980000)
  to   space 2048K, 0% used [0x00000000ec100000,0x00000000ec100000,0x00000000ec300000)
 ParOldGen       total 5632K, used 2619K [0x00000000c1800000, 0x00000000c1d80000, 0x00000000eb300000)
  object space 5632K, 46% used [0x00000000c1800000,0x00000000c1a8ef98,0x00000000c1d80000)
 Metaspace       used 7298K, capacity 8180K, committed 8320K, reserved 1056768K
  class space    used 856K, capacity 880K, committed 896K, reserved 1048576K
}

Deoptimization events (9 events):
Event: 0.230 Thread 0x0000000002c72800 Uncommon trap: reason=unstable_if action=reinterpret pc=0x0000000002ebaebc method=java.io.BufferedReader.read()I @ 19
Event: 0.232 Thread 0x0000000002c72800 Uncommon trap: reason=unstable_if action=reinterpret pc=0x0000000002eb73a4 method=java.io.BufferedReader.read()I @ 19
Event: 2.763 Thread 0x0000000002c72800 Uncommon trap: reason=unstable_if action=reinterpret pc=0x0000000002ef882c method=java.lang.String.replace(CC)Ljava/lang/String; @ 26
Event: 2.847 Thread 0x0000000002c72800 Uncommon trap: reason=unstable_if action=reinterpret pc=0x0000000002f98018 method=com.sun.tools.javac.parser.UnicodeReader.scanChar()V @ 37
Event: 2.850 Thread 0x0000000002c72800 Uncommon trap: reason=unstable_if action=reinterpret pc=0x0000000002f9b954 method=com.sun.tools.javac.parser.UnicodeReader.scanChar()V @ 37
Event: 2.850 Thread 0x0000000002c72800 Uncommon trap: reason=unstable_if action=reinterpret pc=0x0000000002f2a538 method=java.lang.String.<init>([CII)V @ 18
Event: 2.942 Thread 0x0000000002c72800 Uncommon trap: reason=unstable_if action=reinterpret pc=0x0000000002fe64b8 method=com.sun.tools.javac.util.ArrayUtils.ensureCapacity([CI)[C @ 3
Event: 2.970 Thread 0x0000000002c72800 Uncommon trap: reason=unstable_if action=reinterpret pc=0x0000000002fe4734 method=com.sun.tools.javac.util.ArrayUtils.ensureCapacity([CI)[C @ 3
Event: 2.970 Thread 0x0000000002c72800 Uncommon trap: reason=unstable_if action=reinterpret pc=0x0000000002f98488 method=com.sun.tools.javac.parser.UnicodeReader.scanChar()V @ 37

Classes redefined (0 events):
No events

Internal exceptions (10 events):
Event: 0.038 Thread 0x0000000002c72800 Exception <a 'java/lang/NoSuchMethodError': Method sun.misc.Unsafe.defineClass(Ljava/lang/String;[BII)Ljava/lang/Class; name or signature does not match> (0x00000000eb307cd8) thrown at [D:\j\worksp~1\openjd~3\jdk8u\hotspot\src\share\vm\prims\jni.cpp, line
Event: 0.038 Thread 0x0000000002c72800 Exception <a 'java/lang/NoSuchMethodError': Method sun.misc.Unsafe.prefetchRead(Ljava/lang/Object;J)V name or signature does not match> (0x00000000eb307fc0) thrown at [D:\j\worksp~1\openjd~3\jdk8u\hotspot\src\share\vm\prims\jni.cpp, line 4012]
Event: 0.175 Thread 0x0000000002c72800 Exception <a 'java/security/PrivilegedActionException'> (0x00000000eb476960) thrown at [D:\j\worksp~1\openjd~3\jdk8u\hotspot\src\share\vm\prims\jvm.cpp, line 1508]
Event: 0.175 Thread 0x0000000002c72800 Exception <a 'java/security/PrivilegedActionException'> (0x00000000eb476d58) thrown at [D:\j\worksp~1\openjd~3\jdk8u\hotspot\src\share\vm\prims\jvm.cpp, line 1508]
Event: 0.176 Thread 0x0000000002c72800 Exception <a 'java/security/PrivilegedActionException'> (0x00000000eb47b288) thrown at [D:\j\worksp~1\openjd~3\jdk8u\hotspot\src\share\vm\prims\jvm.cpp, line 1508]
Event: 0.176 Thread 0x0000000002c72800 Exception <a 'java/security/PrivilegedActionException'> (0x00000000eb47b680) thrown at [D:\j\worksp~1\openjd~3\jdk8u\hotspot\src\share\vm\prims\jvm.cpp, line 1508]
Event: 0.177 Thread 0x0000000002c72800 Exception <a 'java/security/PrivilegedActionException'> (0x00000000eb47cfa8) thrown at [D:\j\worksp~1\openjd~3\jdk8u\hotspot\src\share\vm\prims\jvm.cpp, line 1508]
Event: 0.177 Thread 0x0000000002c72800 Exception <a 'java/security/PrivilegedActionException'> (0x00000000eb47d3a0) thrown at [D:\j\worksp~1\openjd~3\jdk8u\hotspot\src\share\vm\prims\jvm.cpp, line 1508]
Event: 0.188 Thread 0x0000000002c72800 Exception <a 'java/security/PrivilegedActionException'> (0x00000000eb332ec8) thrown at [D:\j\worksp~1\openjd~3\jdk8u\hotspot\src\share\vm\prims\jvm.cpp, line 1508]
Event: 0.188 Thread 0x0000000002c72800 Exception <a 'java/security/PrivilegedActionException'> (0x00000000eb3332c0) thrown at [D:\j\worksp~1\openjd~3\jdk8u\hotspot\src\share\vm\prims\jvm.cpp, line 1508]

Events (10 events):
Event: 2.955 Thread 0x0000000002c72800 DEOPT PACKING pc=0x0000000003024a7a sp=0x0000000002c4ee40
Event: 2.956 Thread 0x0000000002c72800 DEOPT UNPACKING pc=0x0000000002db75d0 sp=0x0000000002c4eb70 mode 0
Event: 2.968 Thread 0x0000000002c72800 DEOPT PACKING pc=0x0000000003024a7a sp=0x0000000002c4ee40
Event: 2.968 Thread 0x0000000002c72800 DEOPT UNPACKING pc=0x0000000002db75d0 sp=0x0000000002c4eb70 mode 0
Event: 2.970 Thread 0x0000000002c72800 Uncommon trap: trap_request=0xffffff65 fr.pc=0x0000000002fe4734
Event: 2.970 Thread 0x0000000002c72800 DEOPT PACKING pc=0x0000000002fe4734 sp=0x0000000002c4e480
Event: 2.970 Thread 0x0000000002c72800 DEOPT UNPACKING pc=0x0000000002db557b sp=0x0000000002c4e3a0 mode 2
Event: 2.970 Thread 0x0000000002c72800 Uncommon trap: trap_request=0xffffff65 fr.pc=0x0000000002f98488
Event: 2.970 Thread 0x0000000002c72800 DEOPT PACKING pc=0x0000000002f98488 sp=0x0000000002c4e400
Event: 2.970 Thread 0x0000000002c72800 DEOPT UNPACKING pc=0x0000000002db557b sp=0x0000000002c4e3b0 mode 2


Dynamic libraries:
0x00007ff7f1f60000 - 0x00007ff7f1f67000 	C:\Program Files\Android\Jdk\microsoft_dist_openjdk_1.8.0.25\bin\javac.exe
0x00007ffb9e960000 - 0x00007ffb9eb41000 	C:\Windows\SYSTEM32\ntdll.dll
0x00007ffb9c8c0000 - 0x00007ffb9c972000 	C:\Windows\System32\KERNEL32.DLL
0x00007ffb9af90000 - 0x00007ffb9b203000 	C:\Windows\System32\KERNELBASE.dll
0x00007ffb8a340000 - 0x00007ffb8a36f000 	C:\Program Files\Android\Jdk\microsoft_dist_openjdk_1.8.0.25\bin\jli.dll
0x00007ffb9c130000 - 0x00007ffb9c1d1000 	C:\Windows\System32\ADVAPI32.dll
0x00007ffb9c820000 - 0x00007ffb9c8be000 	C:\Windows\System32\msvcrt.dll
0x00007ffb9c380000 - 0x00007ffb9c3db000 	C:\Windows\System32\sechost.dll
0x00007ffb9e740000 - 0x00007ffb9e864000 	C:\Windows\System32\RPCRT4.dll
0x00007ffb9c1f0000 - 0x00007ffb9c380000 	C:\Windows\System32\USER32.dll
0x00007ffb9ad30000 - 0x00007ffb9ad50000 	C:\Windows\System32\win32u.dll
0x00007ffb9c570000 - 0x00007ffb9c598000 	C:\Windows\System32\GDI32.dll
0x00007ffb9ad50000 - 0x00007ffb9aee2000 	C:\Windows\System32\gdi32full.dll
0x00007ffb86420000 - 0x00007ffb86689000 	C:\Windows\WinSxS\amd64_microsoft.windows.common-controls_6595b64144ccf1df_6.0.17134.523_none_fb409dd930672a56\COMCTL32.dll
0x00007ffb9aef0000 - 0x00007ffb9af8f000 	C:\Windows\System32\msvcp_win.dll
0x00007ffb9e410000 - 0x00007ffb9e732000 	C:\Windows\System32\combase.dll
0x00007ffb9b370000 - 0x00007ffb9b46a000 	C:\Windows\System32\ucrtbase.dll
0x00007ffb9b470000 - 0x00007ffb9b4ea000 	C:\Windows\System32\bcryptPrimitives.dll
0x000000005d8f0000 - 0x000000005d9c1000 	C:\Program Files\Android\Jdk\microsoft_dist_openjdk_1.8.0.25\bin\MSVCR100.dll
0x00007ffb9c670000 - 0x00007ffb9c69d000 	C:\Windows\System32\IMM32.DLL
0x000000005d9d0000 - 0x000000005daa1000 	C:\Program Files\Android\Jdk\microsoft_dist_openjdk_1.8.0.25\jre\bin\msvcr100.dll
0x000000005c3e0000 - 0x000000005cc25000 	C:\Program Files\Android\Jdk\microsoft_dist_openjdk_1.8.0.25\jre\bin\server\jvm.dll
0x00007ffb9c3e0000 - 0x00007ffb9c3e8000 	C:\Windows\System32\PSAPI.DLL
0x00007ffb82190000 - 0x00007ffb82199000 	C:\Windows\SYSTEM32\WSOCK32.dll
0x00007ffb9c5a0000 - 0x00007ffb9c60c000 	C:\Windows\System32\WS2_32.dll
0x00007ffb91130000 - 0x00007ffb9113a000 	C:\Windows\SYSTEM32\VERSION.dll
0x00007ffb97180000 - 0x00007ffb971a3000 	C:\Windows\SYSTEM32\WINMM.dll
0x00007ffb97150000 - 0x00007ffb9717a000 	C:\Windows\SYSTEM32\winmmbase.dll
0x00007ffb9b320000 - 0x00007ffb9b369000 	C:\Windows\System32\cfgmgr32.dll
0x00007ffb97ba0000 - 0x00007ffb97baf000 	C:\Program Files\Android\Jdk\microsoft_dist_openjdk_1.8.0.25\jre\bin\verify.dll
0x00007ffb893c0000 - 0x00007ffb893e9000 	C:\Program Files\Android\Jdk\microsoft_dist_openjdk_1.8.0.25\jre\bin\java.dll
0x00007ffb96050000 - 0x00007ffb96066000 	C:\Program Files\Android\Jdk\microsoft_dist_openjdk_1.8.0.25\jre\bin\zip.dll
0x00007ffb9cb80000 - 0x00007ffb9dfc0000 	C:\Windows\System32\SHELL32.dll
0x00007ffb9e880000 - 0x00007ffb9e929000 	C:\Windows\System32\shcore.dll
0x00007ffb9b4f0000 - 0x00007ffb9bbfd000 	C:\Windows\System32\windows.storage.dll
0x00007ffb9cb20000 - 0x00007ffb9cb71000 	C:\Windows\System32\shlwapi.dll
0x00007ffb9ad10000 - 0x00007ffb9ad21000 	C:\Windows\System32\kernel.appcore.dll
0x00007ffb9acd0000 - 0x00007ffb9acef000 	C:\Windows\System32\profapi.dll
0x00007ffb9ac70000 - 0x00007ffb9acbc000 	C:\Windows\System32\powrprof.dll
0x00007ffb9acc0000 - 0x00007ffb9acca000 	C:\Windows\System32\FLTLIB.DLL

VM Arguments:
jvm_args: -Dapplication.home=C:\Program Files\Android\Jdk\microsoft_dist_openjdk_1.8.0.25 -Xms8m -Dfile.encoding=UTF8 
java_command: com.sun.tools.javac.Main @C:\Users\Khaoula Bouzekria\AppData\Local\Temp\tmpAAE6.tmp
java_class_path (initial): C:\Program Files\Android\Jdk\microsoft_dist_openjdk_1.8.0.25/lib/tools.jar;C:\Program Files\Android\Jdk\microsoft_dist_openjdk_1.8.0.25/classes
Launcher Type: SUN_STANDARD

Environment Variables:
PATH=C:\Program Files\Android\Jdk\microsoft_dist_openjdk_1.8.0.25\bin;C:\app\KhaoulaBouzekria\product\11.2.0\dbhome_1\bin;C:\Program Files\Microsoft MPI\Bin\;C:\ProgramData\Oracle\Java\javapath;C:\Windows\system32;C:\Windows;C:\Windows\System32\Wbem;C:\Windows\System32\WindowsPowerShell\v1.0\;C:\Windows\System32\OpenSSH\;C:\Program Files\Git\cmd;C:\Bison\bin;C:\Program Files (x86)\GnuWin32\bin;C:\Program Files (x86)\CodeBlocks\MinGW\bin;C:\Program Files\Microsoft SQL Server\Client SDK\ODBC\130\Tools\Binn\;C:\Program Files (x86)\Microsoft SQL Server\130\Tools\Binn\;C:\Program Files\Microsoft SQL Server\130\Tools\Binn\;C:\Program Files\Microsoft SQL Server\130\DTS\Binn\;C:\Program Files (x86)\Microsoft SQL Server\Client SDK\ODBC\130\Tools\Binn\;C:\Program Files (x86)\Microsoft SQL Server\140\Tools\Binn\;C:\Program Files (x86)\Microsoft SQL Server\140\DTS\Binn\;C:\Program Files (x86)\Microsoft SQL Server\140\Tools\Binn\ManagementStudio\;C:\Program Files\dotnet\;C:\Program Files\Microsoft SQL Server\Client SDK\ODBC\170\Tools\Binn\;C:\Users\Khaoula Bouzekria\AppData\Local\Microsoft\WindowsApps;C:\Program Files\Microsoft VS Code\bin;C:\Users\Khaoula Bouzekria\AppData\Local\GitHubDesktop\bin;C:\Program Files\dotnet\sdk\NuGetFallbackFolder\microsoft.codeanalysis.analyzers\1.1.0\tools;C:\Program Files\dotnet\sdk\NuGetFallbackFolder\microsoft.entityframeworkcore.tools\2.2.0\tools;C:\Program Files\dotnet\sdk\NuGetFallbackFolder\microsoft.aspnetcore.razor.design\2.2.0\tools;C:\Users\Khaoula Bouzekria\.nuget\packages\microsoft.entityframeworkcore.tools\2.2.3\tools;C:\Users\Khaoula Bouzekria\.nuget\packages\microsoft.entityframeworkcore.tools\2.2.4\tools;C:\Users\Khaoula Bouzekria\.nuget\packages\microsoft.aspnetcore.razor.design\2.1.0\tools
USERNAME=Khaoula Bouzekria
OS=Windows_NT
PROCESSOR_IDENTIFIER=Intel64 Family 6 Model 69 Stepping 1, GenuineIntel



---------------  S Y S T E M  ---------------

OS: Windows 10.0 , 64 bit Build 17134 (10.0.17134.1)

CPU:total 4 (initial active 4) (2 cores per cpu, 2 threads per core) family 6 model 69 stepping 1, cmov, cx8, fxsr, mmx, sse, sse2, sse3, ssse3, sse4.1, sse4.2, popcnt, avx, avx2, aes, clmul, erms, lzcnt, ht, tsc, tscinvbit, bmi1, bmi2

Memory: 4k page, physical 4088172k(417060k free), swap 16671084k(5120k free)

vm_info: OpenJDK 64-Bit Server VM (25.71-b00) for windows-amd64 JRE (1.8.0-25-microsoft-b00), built on Feb  7 2019 20:09:14 by "builder" with MS VC++ 10.0 (VS2010)

time: Fri May 15 17:39:01 2020
timezone: Afr. centrale Ouest
elapsed time: 3 seconds (0d 0h 0m 3s)

