#
# There is insufficient memory for the Java Runtime Environment to continue.
# Native memory allocation (malloc) failed to allocate 312272 bytes for Chunk::new
# Possible reasons:
#   The system is out of physical RAM or swap space
#   The process is running with CompressedOops enabled, and the Java Heap may be blocking the growth of the native heap
# Possible solutions:
#   Reduce memory load on the system
#   Increase physical memory or swap space
#   Check if swap backing store is full
#   Decrease Java heap size (-Xmx/-Xms)
#   Decrease number of Java threads
#   Decrease Java thread stack sizes (-Xss)
#   Set larger code cache with -XX:ReservedCodeCacheSize=
#   JVM is running with Unscaled Compressed Oops mode in which the Java heap is
#     placed in the first 4GB address space. The Java Heap base address is the
#     maximum limit for the native heap growth. Please use -XX:HeapBaseMinAddress
#     to set the Java Heap base and to place the Java Heap above 4GB virtual address.
# This output file may be truncated or incomplete.
#
#  Out of Memory Error (allocation.cpp:389), pid=2596, tid=0x00000000000035d8
#
# JRE version: OpenJDK Runtime Environment (8.0) (build 1.8.0-25-microsoft-b00)
# Java VM: OpenJDK 64-Bit Server VM (25.71-b00 mixed mode windows-amd64 compressed oops)
# Failed to write core dump. Minidumps are not enabled by default on client versions of Windows
#

---------------  T H R E A D  ---------------

Current thread (0x0000000014e38800):  JavaThread "C2 CompilerThread1" daemon [_thread_in_native, id=13784, stack(0x00000000165a0000,0x00000000166a0000)]

Stack: [0x00000000165a0000,0x00000000166a0000]
[error occurred during error reporting (printing stack bounds), id 0xc0000005]

Native frames: (J=compiled Java code, j=interpreted, Vv=VM code, C=native code)


Current CompileTask:
C2:   8078 1459       4       com.sun.tools.javac.jvm.ClassReader::enterPackage (78 bytes)


---------------  P R O C E S S  ---------------

Java Threads: ( => current thread )
  0x00000000167d4000 JavaThread "Service Thread" daemon [_thread_blocked, id=3092, stack(0x0000000016ba0000,0x0000000016ca0000)]
  0x0000000014e48800 JavaThread "C1 CompilerThread2" daemon [_thread_blocked, id=13816, stack(0x00000000166a0000,0x00000000167a0000)]
=>0x0000000014e38800 JavaThread "C2 CompilerThread1" daemon [_thread_in_native, id=13784, stack(0x00000000165a0000,0x00000000166a0000)]
  0x0000000014e36800 JavaThread "C2 CompilerThread0" daemon [_thread_in_native, id=15460, stack(0x00000000164a0000,0x00000000165a0000)]
  0x0000000014e35800 JavaThread "Attach Listener" daemon [_thread_blocked, id=10772, stack(0x00000000163a0000,0x00000000164a0000)]
  0x0000000014e3a800 JavaThread "Signal Dispatcher" daemon [_thread_blocked, id=14544, stack(0x00000000162a0000,0x00000000163a0000)]
  0x000000000283c800 JavaThread "Finalizer" daemon [_thread_blocked, id=10016, stack(0x0000000016080000,0x0000000016180000)]
  0x0000000014e19800 JavaThread "Reference Handler" daemon [_thread_blocked, id=14052, stack(0x0000000015f80000,0x0000000016080000)]
  0x0000000002742800 JavaThread "main" [_thread_in_Java, id=9952, stack(0x00000000025e0000,0x00000000026e0000)]

Other Threads:
  0x0000000014df6800 VMThread [stack: 0x0000000015e80000,0x0000000015f80000] [id=14340]
  0x00000000167d4800 WatcherThread [stack: 0x0000000016ca0000,0x0000000016da0000] [id=11188]

VM state:not at safepoint (normal execution)

VM Mutex/Monitor currently owned by a thread: None

heap address: 0x00000000c1800000, size: 1000 MB, Compressed Oops mode: 32-bit
Narrow klass base: 0x0000000000000000, Narrow klass shift: 3
Compressed class space size: 1073741824 Address: 0x0000000100000000

Heap:
 PSYoungGen      total 31232K, used 12298K [0x00000000eb300000, 0x00000000ee280000, 0x0000000100000000)
  eden space 22016K, 14% used [0x00000000eb300000,0x00000000eb6069f0,0x00000000ec880000)
  from space 9216K, 99% used [0x00000000ed600000,0x00000000edefbf60,0x00000000edf00000)
  to   space 13312K, 0% used [0x00000000ec880000,0x00000000ec880000,0x00000000ed580000)
 ParOldGen       total 27136K, used 20498K [0x00000000c1800000, 0x00000000c3280000, 0x00000000eb300000)
  object space 27136K, 75% used [0x00000000c1800000,0x00000000c2c04868,0x00000000c3280000)
 Metaspace       used 8136K, capacity 8916K, committed 9216K, reserved 1056768K
  class space    used 884K, capacity 912K, committed 1024K, reserved 1048576K

Card table byte_map: [0x0000000011c00000,0x0000000011e00000] byte_map_base: 0x00000000115f4000

Marking Bits: (ParMarkBitMap*) 0x000000005cba8f30
 Begin Bits: [0x0000000012350000, 0x00000000132f0000)
 End Bits:   [0x00000000132f0000, 0x0000000014290000)

Polling page: 0x00000000006c0000

CodeCache: size=245760Kb used=6339Kb max_used=6339Kb free=239420Kb
 bounds [0x0000000002840000, 0x0000000002e80000, 0x0000000011840000]
 total_blobs=1799 nmethods=1510 adapters=202
 compilation: enabled

Compilation events (10 events):
Event: 8.057 Thread 0x0000000014e48800 1520       2       com.sun.tools.javac.jvm.ClassReader::readClassFile (273 bytes)
Event: 8.059 Thread 0x0000000014e48800 nmethod 1520 0x0000000002e73310 code [0x0000000002e73640, 0x0000000002e74778]
Event: 8.068 Thread 0x0000000014e48800 1522       2       java.util.LinkedList::add (7 bytes)
Event: 8.068 Thread 0x0000000014e48800 nmethod 1522 0x0000000002e75c10 code [0x0000000002e75d80, 0x0000000002e75ee8]
Event: 8.068 Thread 0x0000000014e48800 1523       2       java.util.LinkedList::linkLast (59 bytes)
Event: 8.069 Thread 0x0000000014e48800 nmethod 1523 0x0000000002e75f90 code [0x0000000002e760e0, 0x0000000002e76310]
Event: 8.069 Thread 0x0000000014e48800 1524       2       java.util.LinkedList$Node::<init> (20 bytes)
Event: 8.069 Thread 0x0000000014e48800 nmethod 1524 0x0000000002e763d0 code [0x0000000002e76520, 0x0000000002e766b0]
Event: 8.071 Thread 0x0000000014e48800 1525       2       com.sun.tools.javac.comp.Todo::offer (27 bytes)
Event: 8.072 Thread 0x0000000014e48800 nmethod 1525 0x0000000002e76750 code [0x0000000002e768c0, 0x0000000002e76a78]

GC Heap History (10 events):
Event: 7.055 GC heap before
{Heap before GC invocations=10 (full 1):
 PSYoungGen      total 24064K, used 24055K [0x00000000eb300000, 0x00000000ed300000, 0x0000000100000000)
  eden space 19456K, 100% used [0x00000000eb300000,0x00000000ec600000,0x00000000ec600000)
  from space 4608K, 99% used [0x00000000ece80000,0x00000000ed2fdf60,0x00000000ed300000)
  to   space 6144K, 0% used [0x00000000ec700000,0x00000000ec700000,0x00000000ecd00000)
 ParOldGen       total 11776K, used 8229K [0x00000000c1800000, 0x00000000c2380000, 0x00000000eb300000)
  object space 11776K, 69% used [0x00000000c1800000,0x00000000c20095e0,0x00000000c2380000)
 Metaspace       used 7623K, capacity 8468K, committed 8704K, reserved 1056768K
  class space    used 871K, capacity 912K, committed 1024K, reserved 1048576K
Event: 7.070 GC heap after
Heap after GC invocations=10 (full 1):
 PSYoungGen      total 26624K, used 6135K [0x00000000eb300000, 0x00000000edf00000, 0x0000000100000000)
  eden space 20480K, 0% used [0x00000000eb300000,0x00000000eb300000,0x00000000ec700000)
  from space 6144K, 99% used [0x00000000ec700000,0x00000000eccfdf60,0x00000000ecd00000)
  to   space 9216K, 0% used [0x00000000ed600000,0x00000000ed600000,0x00000000edf00000)
 ParOldGen       total 14336K, used 13631K [0x00000000c1800000, 0x00000000c2600000, 0x00000000eb300000)
  object space 14336K, 95% used [0x00000000c1800000,0x00000000c254fc08,0x00000000c2600000)
 Metaspace       used 7623K, capacity 8468K, committed 8704K, reserved 1056768K
  class space    used 871K, capacity 912K, committed 1024K, reserved 1048576K
}
Event: 7.070 GC heap before
{Heap before GC invocations=11 (full 2):
 PSYoungGen      total 26624K, used 6135K [0x00000000eb300000, 0x00000000edf00000, 0x0000000100000000)
  eden space 20480K, 0% used [0x00000000eb300000,0x00000000eb300000,0x00000000ec700000)
  from space 6144K, 99% used [0x00000000ec700000,0x00000000eccfdf60,0x00000000ecd00000)
  to   space 9216K, 0% used [0x00000000ed600000,0x00000000ed600000,0x00000000edf00000)
 ParOldGen       total 14336K, used 13631K [0x00000000c1800000, 0x00000000c2600000, 0x00000000eb300000)
  object space 14336K, 95% used [0x00000000c1800000,0x00000000c254fc08,0x00000000c2600000)
 Metaspace       used 7623K, capacity 8468K, committed 8704K, reserved 1056768K
  class space    used 871K, capacity 912K, committed 1024K, reserved 1048576K
Event: 7.151 GC heap after
Heap after GC invocations=11 (full 2):
 PSYoungGen      total 26624K, used 1946K [0x00000000eb300000, 0x00000000edf00000, 0x0000000100000000)
  eden space 20480K, 0% used [0x00000000eb300000,0x00000000eb300000,0x00000000ec700000)
  from space 6144K, 31% used [0x00000000ec700000,0x00000000ec8e69b0,0x00000000ecd00000)
  to   space 9216K, 0% used [0x00000000ed600000,0x00000000ed600000,0x00000000edf00000)
 ParOldGen       total 14336K, used 13856K [0x00000000c1800000, 0x00000000c2600000, 0x00000000eb300000)
  object space 14336K, 96% used [0x00000000c1800000,0x00000000c25881c8,0x00000000c2600000)
 Metaspace       used 7623K, capacity 8468K, committed 8704K, reserved 1056768K
  class space    used 871K, capacity 912K, committed 1024K, reserved 1048576K
}
Event: 7.366 GC heap before
{Heap before GC invocations=12 (full 3):
 PSYoungGen      total 26624K, used 22426K [0x00000000eb300000, 0x00000000edf00000, 0x0000000100000000)
  eden space 20480K, 100% used [0x00000000eb300000,0x00000000ec700000,0x00000000ec700000)
  from space 6144K, 31% used [0x00000000ec700000,0x00000000ec8e69b0,0x00000000ecd00000)
  to   space 9216K, 0% used [0x00000000ed600000,0x00000000ed600000,0x00000000edf00000)
 ParOldGen       total 14336K, used 13856K [0x00000000c1800000, 0x00000000c2600000, 0x00000000eb300000)
  object space 14336K, 96% used [0x00000000c1800000,0x00000000c25881c8,0x00000000c2600000)
 Metaspace       used 7986K, capacity 8788K, committed 8960K, reserved 1056768K
  class space    used 884K, capacity 912K, committed 1024K, reserved 1048576K
Event: 7.500 GC heap after
Heap after GC invocations=12 (full 3):
 PSYoungGen      total 26624K, used 8842K [0x00000000eb300000, 0x00000000edf00000, 0x0000000100000000)
  eden space 20480K, 43% used [0x00000000eb300000,0x00000000ebba2a68,0x00000000ec700000)
  from space 6144K, 0% used [0x00000000ec700000,0x00000000ec700000,0x00000000ecd00000)
  to   space 9216K, 0% used [0x00000000ed600000,0x00000000ed600000,0x00000000edf00000)
 ParOldGen       total 14336K, used 14240K [0x00000000c1800000, 0x00000000c2600000, 0x00000000eb300000)
  object space 14336K, 99% used [0x00000000c1800000,0x00000000c25e8120,0x00000000c2600000)
 Metaspace       used 7986K, capacity 8788K, committed 8960K, reserved 1056768K
  class space    used 884K, capacity 912K, committed 1024K, reserved 1048576K
}
Event: 7.752 GC heap before
{Heap before GC invocations=13 (full 4):
 PSYoungGen      total 26624K, used 20480K [0x00000000eb300000, 0x00000000edf00000, 0x0000000100000000)
  eden space 20480K, 100% used [0x00000000eb300000,0x00000000ec700000,0x00000000ec700000)
  from space 6144K, 0% used [0x00000000ec700000,0x00000000ec700000,0x00000000ecd00000)
  to   space 9216K, 0% used [0x00000000ed600000,0x00000000ed600000,0x00000000edf00000)
 ParOldGen       total 14336K, used 14240K [0x00000000c1800000, 0x00000000c2600000, 0x00000000eb300000)
  object space 14336K, 99% used [0x00000000c1800000,0x00000000c25e8120,0x00000000c2600000)
 Metaspace       used 8105K, capacity 8852K, committed 9216K, reserved 1056768K
  class space    used 884K, capacity 912K, committed 1024K, reserved 1048576K
Event: 7.907 GC heap after
Heap after GC invocations=13 (full 4):
 PSYoungGen      total 26624K, used 13201K [0x00000000eb300000, 0x00000000edf00000, 0x0000000100000000)
  eden space 20480K, 64% used [0x00000000eb300000,0x00000000ebfe47a0,0x00000000ec700000)
  from space 6144K, 0% used [0x00000000ec700000,0x00000000ec700000,0x00000000ecd00000)
  to   space 9216K, 0% used [0x00000000ed600000,0x00000000ed600000,0x00000000edf00000)
 ParOldGen       total 27136K, used 14215K [0x00000000c1800000, 0x00000000c3280000, 0x00000000eb300000)
  object space 27136K, 52% used [0x00000000c1800000,0x00000000c25e1cd0,0x00000000c3280000)
 Metaspace       used 8105K, capacity 8852K, committed 9216K, reserved 1056768K
  class space    used 884K, capacity 912K, committed 1024K, reserved 1048576K
}
Event: 8.007 GC heap before
{Heap before GC invocations=14 (full 4):
 PSYoungGen      total 26624K, used 20480K [0x00000000eb300000, 0x00000000edf00000, 0x0000000100000000)
  eden space 20480K, 100% used [0x00000000eb300000,0x00000000ec700000,0x00000000ec700000)
  from space 6144K, 0% used [0x00000000ec700000,0x00000000ec700000,0x00000000ecd00000)
  to   space 9216K, 0% used [0x00000000ed600000,0x00000000ed600000,0x00000000edf00000)
 ParOldGen       total 27136K, used 14215K [0x00000000c1800000, 0x00000000c3280000, 0x00000000eb300000)
  object space 27136K, 52% used [0x00000000c1800000,0x00000000c25e1cd0,0x00000000c3280000)
 Metaspace       used 8130K, capacity 8916K, committed 9216K, reserved 1056768K
  class space    used 884K, capacity 912K, committed 1024K, reserved 1048576K
Event: 8.030 GC heap after
Heap after GC invocations=14 (full 4):
 PSYoungGen      total 31232K, used 9199K [0x00000000eb300000, 0x00000000ee280000, 0x0000000100000000)
  eden space 22016K, 0% used [0x00000000eb300000,0x00000000eb300000,0x00000000ec880000)
  from space 9216K, 99% used [0x00000000ed600000,0x00000000edefbf60,0x00000000edf00000)
  to   space 13312K, 0% used [0x00000000ec880000,0x00000000ec880000,0x00000000ed580000)
 ParOldGen       total 27136K, used 20498K [0x00000000c1800000, 0x00000000c3280000, 0x00000000eb300000)
  object space 27136K, 75% used [0x00000000c1800000,0x00000000c2c04868,0x00000000c3280000)
 Metaspace       used 8130K, capacity 8916K, committed 9216K, reserved 1056768K
  class space    used 884K, capacity 912K, committed 1024K, reserved 1048576K
}

Deoptimization events (10 events):
Event: 7.216 Thread 0x0000000002742800 Uncommon trap: reason=class_check action=maybe_recompile pc=0x0000000002cbdbfc method=com.sun.tools.javac.tree.JCTree$JCVariableDecl.accept(Lcom/sun/tools/javac/tree/JCTree$Visitor;)V @ 2
Event: 7.216 Thread 0x0000000002742800 Uncommon trap: reason=class_check action=maybe_recompile pc=0x0000000002cbdbfc method=com.sun.tools.javac.tree.JCTree$JCVariableDecl.accept(Lcom/sun/tools/javac/tree/JCTree$Visitor;)V @ 2
Event: 7.216 Thread 0x0000000002742800 Uncommon trap: reason=class_check action=maybe_recompile pc=0x0000000002cbdbfc method=com.sun.tools.javac.tree.JCTree$JCVariableDecl.accept(Lcom/sun/tools/javac/tree/JCTree$Visitor;)V @ 2
Event: 7.239 Thread 0x0000000002742800 Uncommon trap: reason=unstable_if action=reinterpret pc=0x0000000002ce38a8 method=com.sun.tools.javac.code.Scope.getIndex(Lcom/sun/tools/javac/util/Name;)I @ 60
Event: 7.612 Thread 0x0000000002742800 Uncommon trap: reason=unloaded action=reinterpret pc=0x0000000002de9590 method=com.sun.tools.javac.jvm.ClassReader.readPool(I)Ljava/lang/Object; @ 390
Event: 7.922 Thread 0x0000000002742800 Uncommon trap: reason=unstable_if action=reinterpret pc=0x0000000002e49718 method=com.sun.tools.javac.code.Scope.dble()V @ 39
Event: 7.980 Thread 0x0000000002742800 Uncommon trap: reason=class_check action=maybe_recompile pc=0x0000000002e3e18c method=com.sun.tools.javac.comp.Resolve.findInheritedMemberType(Lcom/sun/tools/javac/comp/Env;Lcom/sun/tools/javac/code/Type;Lcom/sun/tools/javac/util/Name;Lcom/sun/tools/javac
Event: 7.980 Thread 0x0000000002742800 Uncommon trap: reason=class_check action=maybe_recompile pc=0x0000000002e3e18c method=com.sun.tools.javac.comp.Resolve.findInheritedMemberType(Lcom/sun/tools/javac/comp/Env;Lcom/sun/tools/javac/code/Type;Lcom/sun/tools/javac/util/Name;Lcom/sun/tools/javac
Event: 7.980 Thread 0x0000000002742800 Uncommon trap: reason=class_check action=maybe_recompile pc=0x0000000002e3e18c method=com.sun.tools.javac.comp.Resolve.findInheritedMemberType(Lcom/sun/tools/javac/comp/Env;Lcom/sun/tools/javac/code/Type;Lcom/sun/tools/javac/util/Name;Lcom/sun/tools/javac
Event: 7.980 Thread 0x0000000002742800 Uncommon trap: reason=class_check action=maybe_recompile pc=0x0000000002e3e18c method=com.sun.tools.javac.comp.Resolve.findInheritedMemberType(Lcom/sun/tools/javac/comp/Env;Lcom/sun/tools/javac/code/Type;Lcom/sun/tools/javac/util/Name;Lcom/sun/tools/javac

Classes redefined (0 events):
No events

Internal exceptions (10 events):
Event: 0.034 Thread 0x0000000002742800 Exception <a 'java/lang/NoSuchMethodError': Method sun.misc.Unsafe.defineClass(Ljava/lang/String;[BII)Ljava/lang/Class; name or signature does not match> (0x00000000eb307cd8) thrown at [D:\j\worksp~1\openjd~3\jdk8u\hotspot\src\share\vm\prims\jni.cpp, line
Event: 0.034 Thread 0x0000000002742800 Exception <a 'java/lang/NoSuchMethodError': Method sun.misc.Unsafe.prefetchRead(Ljava/lang/Object;J)V name or signature does not match> (0x00000000eb307fc0) thrown at [D:\j\worksp~1\openjd~3\jdk8u\hotspot\src\share\vm\prims\jni.cpp, line 4012]
Event: 0.149 Thread 0x0000000002742800 Exception <a 'java/security/PrivilegedActionException'> (0x00000000eb4767e8) thrown at [D:\j\worksp~1\openjd~3\jdk8u\hotspot\src\share\vm\prims\jvm.cpp, line 1508]
Event: 0.149 Thread 0x0000000002742800 Exception <a 'java/security/PrivilegedActionException'> (0x00000000eb476be0) thrown at [D:\j\worksp~1\openjd~3\jdk8u\hotspot\src\share\vm\prims\jvm.cpp, line 1508]
Event: 0.150 Thread 0x0000000002742800 Exception <a 'java/security/PrivilegedActionException'> (0x00000000eb47b0e8) thrown at [D:\j\worksp~1\openjd~3\jdk8u\hotspot\src\share\vm\prims\jvm.cpp, line 1508]
Event: 0.150 Thread 0x0000000002742800 Exception <a 'java/security/PrivilegedActionException'> (0x00000000eb47b4e0) thrown at [D:\j\worksp~1\openjd~3\jdk8u\hotspot\src\share\vm\prims\jvm.cpp, line 1508]
Event: 0.151 Thread 0x0000000002742800 Exception <a 'java/security/PrivilegedActionException'> (0x00000000eb47ce08) thrown at [D:\j\worksp~1\openjd~3\jdk8u\hotspot\src\share\vm\prims\jvm.cpp, line 1508]
Event: 0.151 Thread 0x0000000002742800 Exception <a 'java/security/PrivilegedActionException'> (0x00000000eb47d200) thrown at [D:\j\worksp~1\openjd~3\jdk8u\hotspot\src\share\vm\prims\jvm.cpp, line 1508]
Event: 0.157 Thread 0x0000000002742800 Exception <a 'java/security/PrivilegedActionException'> (0x00000000eb332f18) thrown at [D:\j\worksp~1\openjd~3\jdk8u\hotspot\src\share\vm\prims\jvm.cpp, line 1508]
Event: 0.157 Thread 0x0000000002742800 Exception <a 'java/security/PrivilegedActionException'> (0x00000000eb333310) thrown at [D:\j\worksp~1\openjd~3\jdk8u\hotspot\src\share\vm\prims\jvm.cpp, line 1508]

Events (10 events):
Event: 7.980 Thread 0x0000000002742800 DEOPT PACKING pc=0x0000000002e3e18c sp=0x00000000026dd6c0
Event: 7.980 Thread 0x0000000002742800 DEOPT UNPACKING pc=0x000000000288557b sp=0x00000000026dd598 mode 2
Event: 7.980 Thread 0x0000000002742800 Uncommon trap: trap_request=0xffffffde fr.pc=0x0000000002e3e18c
Event: 7.980 Thread 0x0000000002742800 DEOPT PACKING pc=0x0000000002e3e18c sp=0x00000000026dd6c0
Event: 7.980 Thread 0x0000000002742800 DEOPT UNPACKING pc=0x000000000288557b sp=0x00000000026dd598 mode 2
Event: 7.980 Thread 0x0000000002742800 Uncommon trap: trap_request=0xffffffde fr.pc=0x0000000002e3e18c
Event: 7.980 Thread 0x0000000002742800 DEOPT PACKING pc=0x0000000002e3e18c sp=0x00000000026de000
Event: 7.980 Thread 0x0000000002742800 DEOPT UNPACKING pc=0x000000000288557b sp=0x00000000026dded8 mode 2
Event: 8.007 Executing VM operation: ParallelGCFailedAllocation
Event: 8.030 Executing VM operation: ParallelGCFailedAllocation done


Dynamic libraries:
0x00007ff6d5f50000 - 0x00007ff6d5f57000 	C:\Program Files\Android\Jdk\microsoft_dist_openjdk_1.8.0.25\bin\javac.exe
0x00007ffb9e960000 - 0x00007ffb9eb41000 	C:\Windows\SYSTEM32\ntdll.dll
0x00007ffb9c8c0000 - 0x00007ffb9c972000 	C:\Windows\System32\KERNEL32.DLL
0x00007ffb9af90000 - 0x00007ffb9b203000 	C:\Windows\System32\KERNELBASE.dll
0x00007ffb909f0000 - 0x00007ffb90a1f000 	C:\Program Files\Android\Jdk\microsoft_dist_openjdk_1.8.0.25\bin\jli.dll
0x00007ffb9c130000 - 0x00007ffb9c1d1000 	C:\Windows\System32\ADVAPI32.dll
0x00007ffb9c820000 - 0x00007ffb9c8be000 	C:\Windows\System32\msvcrt.dll
0x00007ffb9c380000 - 0x00007ffb9c3db000 	C:\Windows\System32\sechost.dll
0x00007ffb9e740000 - 0x00007ffb9e864000 	C:\Windows\System32\RPCRT4.dll
0x00007ffb9c1f0000 - 0x00007ffb9c380000 	C:\Windows\System32\USER32.dll
0x00007ffb9ad30000 - 0x00007ffb9ad50000 	C:\Windows\System32\win32u.dll
0x00007ffb9c570000 - 0x00007ffb9c598000 	C:\Windows\System32\GDI32.dll
0x00007ffb9ad50000 - 0x00007ffb9aee2000 	C:\Windows\System32\gdi32full.dll
0x00007ffb86420000 - 0x00007ffb86689000 	C:\Windows\WinSxS\amd64_microsoft.windows.common-controls_6595b64144ccf1df_6.0.17134.523_none_fb409dd930672a56\COMCTL32.dll
0x00007ffb9aef0000 - 0x00007ffb9af8f000 	C:\Windows\System32\msvcp_win.dll
0x00007ffb9e410000 - 0x00007ffb9e732000 	C:\Windows\System32\combase.dll
0x00007ffb9b370000 - 0x00007ffb9b46a000 	C:\Windows\System32\ucrtbase.dll
0x00007ffb9b470000 - 0x00007ffb9b4ea000 	C:\Windows\System32\bcryptPrimitives.dll
0x000000005d8f0000 - 0x000000005d9c1000 	C:\Program Files\Android\Jdk\microsoft_dist_openjdk_1.8.0.25\bin\MSVCR100.dll
0x00007ffb9c670000 - 0x00007ffb9c69d000 	C:\Windows\System32\IMM32.DLL
0x000000005d9d0000 - 0x000000005daa1000 	C:\Program Files\Android\Jdk\microsoft_dist_openjdk_1.8.0.25\jre\bin\msvcr100.dll
0x000000005c3e0000 - 0x000000005cc25000 	C:\Program Files\Android\Jdk\microsoft_dist_openjdk_1.8.0.25\jre\bin\server\jvm.dll
0x00007ffb9c3e0000 - 0x00007ffb9c3e8000 	C:\Windows\System32\PSAPI.DLL
0x00007ffb91130000 - 0x00007ffb9113a000 	C:\Windows\SYSTEM32\VERSION.dll
0x00007ffb97180000 - 0x00007ffb971a3000 	C:\Windows\SYSTEM32\WINMM.dll
0x00007ffb82190000 - 0x00007ffb82199000 	C:\Windows\SYSTEM32\WSOCK32.dll
0x00007ffb9c5a0000 - 0x00007ffb9c60c000 	C:\Windows\System32\WS2_32.dll
0x00007ffb97150000 - 0x00007ffb9717a000 	C:\Windows\SYSTEM32\winmmbase.dll
0x00007ffb9b320000 - 0x00007ffb9b369000 	C:\Windows\System32\cfgmgr32.dll
0x00007ffb97ba0000 - 0x00007ffb97baf000 	C:\Program Files\Android\Jdk\microsoft_dist_openjdk_1.8.0.25\jre\bin\verify.dll
0x00007ffb893c0000 - 0x00007ffb893e9000 	C:\Program Files\Android\Jdk\microsoft_dist_openjdk_1.8.0.25\jre\bin\java.dll
0x00007ffb96050000 - 0x00007ffb96066000 	C:\Program Files\Android\Jdk\microsoft_dist_openjdk_1.8.0.25\jre\bin\zip.dll
0x00007ffb9cb80000 - 0x00007ffb9dfc0000 	C:\Windows\System32\SHELL32.dll
0x00007ffb9e880000 - 0x00007ffb9e929000 	C:\Windows\System32\shcore.dll
0x00007ffb9b4f0000 - 0x00007ffb9bbfd000 	C:\Windows\System32\windows.storage.dll
0x00007ffb9cb20000 - 0x00007ffb9cb71000 	C:\Windows\System32\shlwapi.dll
0x00007ffb9ad10000 - 0x00007ffb9ad21000 	C:\Windows\System32\kernel.appcore.dll
0x00007ffb9acd0000 - 0x00007ffb9acef000 	C:\Windows\System32\profapi.dll
0x00007ffb9ac70000 - 0x00007ffb9acbc000 	C:\Windows\System32\powrprof.dll
0x00007ffb9acc0000 - 0x00007ffb9acca000 	C:\Windows\System32\FLTLIB.DLL

VM Arguments:
jvm_args: -Dapplication.home=C:\Program Files\Android\Jdk\microsoft_dist_openjdk_1.8.0.25 -Xms8m -Dfile.encoding=UTF8 
java_command: com.sun.tools.javac.Main @C:\Users\Khaoula Bouzekria\AppData\Local\Temp\tmp2324.tmp
java_class_path (initial): C:\Program Files\Android\Jdk\microsoft_dist_openjdk_1.8.0.25/lib/tools.jar;C:\Program Files\Android\Jdk\microsoft_dist_openjdk_1.8.0.25/classes
Launcher Type: SUN_STANDARD

Environment Variables:
PATH=C:\Program Files\Android\Jdk\microsoft_dist_openjdk_1.8.0.25\bin;C:\app\KhaoulaBouzekria\product\11.2.0\dbhome_1\bin;C:\Program Files\Microsoft MPI\Bin\;C:\ProgramData\Oracle\Java\javapath;C:\Windows\system32;C:\Windows;C:\Windows\System32\Wbem;C:\Windows\System32\WindowsPowerShell\v1.0\;C:\Windows\System32\OpenSSH\;C:\Program Files\Git\cmd;C:\Bison\bin;C:\Program Files (x86)\GnuWin32\bin;C:\Program Files (x86)\CodeBlocks\MinGW\bin;C:\Program Files\Microsoft SQL Server\Client SDK\ODBC\130\Tools\Binn\;C:\Program Files (x86)\Microsoft SQL Server\130\Tools\Binn\;C:\Program Files\Microsoft SQL Server\130\Tools\Binn\;C:\Program Files\Microsoft SQL Server\130\DTS\Binn\;C:\Program Files (x86)\Microsoft SQL Server\Client SDK\ODBC\130\Tools\Binn\;C:\Program Files (x86)\Microsoft SQL Server\140\Tools\Binn\;C:\Program Files (x86)\Microsoft SQL Server\140\DTS\Binn\;C:\Program Files (x86)\Microsoft SQL Server\140\Tools\Binn\ManagementStudio\;C:\Program Files\dotnet\;C:\Program Files\Microsoft SQL Server\Client SDK\ODBC\170\Tools\Binn\;C:\Users\Khaoula Bouzekria\AppData\Local\Microsoft\WindowsApps;C:\Program Files\Microsoft VS Code\bin;C:\Users\Khaoula Bouzekria\AppData\Local\GitHubDesktop\bin;C:\Program Files\dotnet\sdk\NuGetFallbackFolder\microsoft.codeanalysis.analyzers\1.1.0\tools;C:\Program Files\dotnet\sdk\NuGetFallbackFolder\microsoft.entityframeworkcore.tools\2.2.0\tools;C:\Program Files\dotnet\sdk\NuGetFallbackFolder\microsoft.aspnetcore.razor.design\2.2.0\tools;C:\Users\Khaoula Bouzekria\.nuget\packages\microsoft.entityframeworkcore.tools\2.2.3\tools;C:\Users\Khaoula Bouzekria\.nuget\packages\microsoft.entityframeworkcore.tools\2.2.4\tools;C:\Users\Khaoula Bouzekria\.nuget\packages\microsoft.aspnetcore.razor.design\2.1.0\tools
USERNAME=Khaoula Bouzekria
OS=Windows_NT
PROCESSOR_IDENTIFIER=Intel64 Family 6 Model 69 Stepping 1, GenuineIntel



---------------  S Y S T E M  ---------------

OS: Windows 10.0 , 64 bit Build 17134 (10.0.17134.1)

CPU:total 4 (initial active 4) (2 cores per cpu, 2 threads per core) family 6 model 69 stepping 1, cmov, cx8, fxsr, mmx, sse, sse2, sse3, ssse3, sse4.1, sse4.2, popcnt, avx, avx2, aes, clmul, erms, lzcnt, ht, tsc, tscinvbit, bmi1, bmi2

Memory: 4k page, physical 4088172k(402344k free), swap 16671084k(5724k free)

vm_info: OpenJDK 64-Bit Server VM (25.71-b00) for windows-amd64 JRE (1.8.0-25-microsoft-b00), built on Feb  7 2019 20:09:14 by "builder" with MS VC++ 10.0 (VS2010)

time: Fri May 15 17:35:15 2020
timezone: Afr. centrale Ouest
elapsed time: 8 seconds (0d 0h 0m 8s)

