#
# There is insufficient memory for the Java Runtime Environment to continue.
# Native memory allocation (malloc) failed to allocate 869056 bytes for Chunk::new
# Possible reasons:
#   The system is out of physical RAM or swap space
#   The process is running with CompressedOops enabled, and the Java Heap may be blocking the growth of the native heap
# Possible solutions:
#   Reduce memory load on the system
#   Increase physical memory or swap space
#   Check if swap backing store is full
#   Decrease Java heap size (-Xmx/-Xms)
#   Decrease number of Java threads
#   Decrease Java thread stack sizes (-Xss)
#   Set larger code cache with -XX:ReservedCodeCacheSize=
#   JVM is running with Unscaled Compressed Oops mode in which the Java heap is
#     placed in the first 4GB address space. The Java Heap base address is the
#     maximum limit for the native heap growth. Please use -XX:HeapBaseMinAddress
#     to set the Java Heap base and to place the Java Heap above 4GB virtual address.
# This output file may be truncated or incomplete.
#
#  Out of Memory Error (allocation.cpp:389), pid=14044, tid=0x00000000000010e0
#
# JRE version: OpenJDK Runtime Environment (8.0) (build 1.8.0-25-microsoft-b00)
# Java VM: OpenJDK 64-Bit Server VM (25.71-b00 mixed mode windows-amd64 compressed oops)
# Failed to write core dump. Minidumps are not enabled by default on client versions of Windows
#

---------------  T H R E A D  ---------------

Current thread (0x00000000151b4800):  JavaThread "C2 CompilerThread1" daemon [_thread_in_native, id=4320, stack(0x0000000016940000,0x0000000016a40000)]

Stack: [0x0000000016940000,0x0000000016a40000]
[error occurred during error reporting (printing stack bounds), id 0xc0000005]

Native frames: (J=compiled Java code, j=interpreted, Vv=VM code, C=native code)


Current CompileTask:
C2:   3882 2850       4       com.android.tools.r8.ir.conversion.IRBuilder::a (706 bytes)


---------------  P R O C E S S  ---------------

Java Threads: ( => current thread )
  0x00000000171aa000 JavaThread "ForkJoinPool-1-worker-0" daemon [_thread_in_vm, id=14804, stack(0x0000000017a40000,0x0000000017b40000)]
  0x00000000171a7000 JavaThread "ForkJoinPool-1-worker-1" daemon [_thread_in_Java, id=9128, stack(0x0000000017940000,0x0000000017a40000)]
  0x0000000016b69800 JavaThread "Service Thread" daemon [_thread_blocked, id=9304, stack(0x0000000016f40000,0x0000000017040000)]
  0x00000000151b8000 JavaThread "C1 CompilerThread2" daemon [_thread_blocked, id=1736, stack(0x0000000016a40000,0x0000000016b40000)]
=>0x00000000151b4800 JavaThread "C2 CompilerThread1" daemon [_thread_in_native, id=4320, stack(0x0000000016940000,0x0000000016a40000)]
  0x00000000151af800 JavaThread "C2 CompilerThread0" daemon [_thread_in_native, id=13904, stack(0x0000000016840000,0x0000000016940000)]
  0x00000000151ae000 JavaThread "Attach Listener" daemon [_thread_blocked, id=4892, stack(0x0000000016740000,0x0000000016840000)]
  0x00000000151ac800 JavaThread "Signal Dispatcher" daemon [_thread_blocked, id=4604, stack(0x0000000016640000,0x0000000016740000)]
  0x0000000002adc800 JavaThread "Finalizer" daemon [_thread_blocked, id=11848, stack(0x0000000016420000,0x0000000016520000)]
  0x0000000015199000 JavaThread "Reference Handler" daemon [_thread_blocked, id=6572, stack(0x0000000016320000,0x0000000016420000)]
  0x00000000029e3000 JavaThread "main" [_thread_blocked, id=14116, stack(0x0000000002870000,0x0000000002970000)]

Other Threads:
  0x0000000015176800 VMThread [stack: 0x0000000016220000,0x0000000016320000] [id=11472]
  0x0000000016b6a000 WatcherThread [stack: 0x0000000017040000,0x0000000017140000] [id=15524]

VM state:not at safepoint (normal execution)

VM Mutex/Monitor currently owned by a thread: None

heap address: 0x00000000c0000000, size: 1024 MB, Compressed Oops mode: 32-bit
Narrow klass base: 0x0000000000000000, Narrow klass shift: 3
Compressed class space size: 1073741824 Address: 0x0000000100000000

Heap:
 PSYoungGen      total 80384K, used 37199K [0x00000000eab00000, 0x00000000f0a00000, 0x0000000100000000)
  eden space 65024K, 49% used [0x00000000eab00000,0x00000000eca2fa00,0x00000000eea80000)
  from space 15360K, 34% used [0x00000000efa00000,0x00000000eff242f8,0x00000000f0900000)
  to   space 15872K, 0% used [0x00000000eea80000,0x00000000eea80000,0x00000000efa00000)
 ParOldGen       total 69632K, used 30561K [0x00000000c0000000, 0x00000000c4400000, 0x00000000eab00000)
  object space 69632K, 43% used [0x00000000c0000000,0x00000000c1dd87a8,0x00000000c4400000)
 Metaspace       used 14416K, capacity 15026K, committed 15232K, reserved 1062912K
  class space    used 1726K, capacity 1893K, committed 1920K, reserved 1048576K

Card table byte_map: [0x0000000011ea0000,0x00000000120b0000] byte_map_base: 0x00000000118a0000

Marking Bits: (ParMarkBitMap*) 0x000000005cba8f30
 Begin Bits: [0x0000000012610000, 0x0000000013610000)
 End Bits:   [0x0000000013610000, 0x0000000014610000)

Polling page: 0x0000000000fd0000

CodeCache: size=245760Kb used=12332Kb max_used=12332Kb free=233427Kb
 bounds [0x0000000002ae0000, 0x0000000003700000, 0x0000000011ae0000]
 total_blobs=3698 nmethods=3354 adapters=256
 compilation: enabled

Compilation events (10 events):
Event: 3.877 Thread 0x00000000151b8000 nmethod 3374 0x00000000036ee2d0 code [0x00000000036ee440, 0x00000000036ee690]
Event: 3.877 Thread 0x00000000151b8000 3375       2       com.android.tools.r8.n.a.a.a.g.b1::a (66 bytes)
Event: 3.877 Thread 0x00000000151b8000 nmethod 3375 0x00000000036ee810 code [0x00000000036ee9e0, 0x00000000036eec78]
Event: 3.877 Thread 0x00000000151b8000 3376       2       com.android.tools.r8.ir.conversion.X::a (97 bytes)
Event: 3.877 Thread 0x00000000151b8000 nmethod 3376 0x00000000036eedd0 code [0x00000000036eef40, 0x00000000036ef0c8]
Event: 3.877 Thread 0x00000000151b8000 3377       2       com.android.tools.r8.graph.DexItemFactory$$Lambda$78/1701730769::apply (28 bytes)
Event: 3.878 Thread 0x00000000151b8000 nmethod 3377 0x00000000036ef150 code [0x00000000036ef2c0, 0x00000000036ef488]
Event: 3.878 Thread 0x00000000151b8000 3379       2       com.android.tools.r8.ir.analysis.type.TypeAnalysis::a (136 bytes)
Event: 3.878 Thread 0x00000000151b8000 nmethod 3379 0x00000000036ef590 code [0x00000000036ef760, 0x00000000036efab8]
Event: 3.878 Thread 0x00000000151b8000 3378       2       com.android.tools.r8.graph.DexItemFactory::a (115 bytes)

GC Heap History (10 events):
Event: 1.311 GC heap before
{Heap before GC invocations=5 (full 0):
 PSYoungGen      total 35328K, used 35304K [0x00000000eab00000, 0x00000000ed000000, 0x0000000100000000)
  eden space 32768K, 100% used [0x00000000eab00000,0x00000000ecb00000,0x00000000ecb00000)
  from space 2560K, 99% used [0x00000000ecd80000,0x00000000ecffa030,0x00000000ed000000)
  to   space 2560K, 0% used [0x00000000ecb00000,0x00000000ecb00000,0x00000000ecd80000)
 ParOldGen       total 44032K, used 15462K [0x00000000c0000000, 0x00000000c2b00000, 0x00000000eab00000)
  object space 44032K, 35% used [0x00000000c0000000,0x00000000c0f19818,0x00000000c2b00000)
 Metaspace       used 8541K, capacity 8868K, committed 9088K, reserved 1056768K
  class space    used 949K, capacity 1068K, committed 1152K, reserved 1048576K
Event: 1.327 GC heap after
Heap after GC invocations=5 (full 0):
 PSYoungGen      total 35328K, used 2549K [0x00000000eab00000, 0x00000000f0900000, 0x0000000100000000)
  eden space 32768K, 0% used [0x00000000eab00000,0x00000000eab00000,0x00000000ecb00000)
  from space 2560K, 99% used [0x00000000ecb00000,0x00000000ecd7d588,0x00000000ecd80000)
  to   space 15360K, 0% used [0x00000000efa00000,0x00000000efa00000,0x00000000f0900000)
 ParOldGen       total 44032K, used 26800K [0x00000000c0000000, 0x00000000c2b00000, 0x00000000eab00000)
  object space 44032K, 60% used [0x00000000c0000000,0x00000000c1a2c020,0x00000000c2b00000)
 Metaspace       used 8541K, capacity 8868K, committed 9088K, reserved 1056768K
  class space    used 949K, capacity 1068K, committed 1152K, reserved 1048576K
}
Event: 1.498 GC heap before
{Heap before GC invocations=6 (full 0):
 PSYoungGen      total 35328K, used 35317K [0x00000000eab00000, 0x00000000f0900000, 0x0000000100000000)
  eden space 32768K, 100% used [0x00000000eab00000,0x00000000ecb00000,0x00000000ecb00000)
  from space 2560K, 99% used [0x00000000ecb00000,0x00000000ecd7d588,0x00000000ecd80000)
  to   space 15360K, 0% used [0x00000000efa00000,0x00000000efa00000,0x00000000f0900000)
 ParOldGen       total 44032K, used 26800K [0x00000000c0000000, 0x00000000c2b00000, 0x00000000eab00000)
  object space 44032K, 60% used [0x00000000c0000000,0x00000000c1a2c020,0x00000000c2b00000)
 Metaspace       used 8646K, capacity 8972K, committed 9088K, reserved 1056768K
  class space    used 955K, capacity 1074K, committed 1152K, reserved 1048576K
Event: 1.514 GC heap after
Heap after GC invocations=6 (full 0):
 PSYoungGen      total 80384K, used 10989K [0x00000000eab00000, 0x00000000f0a00000, 0x0000000100000000)
  eden space 65024K, 0% used [0x00000000eab00000,0x00000000eab00000,0x00000000eea80000)
  from space 15360K, 71% used [0x00000000efa00000,0x00000000f04bb748,0x00000000f0900000)
  to   space 15872K, 0% used [0x00000000eea80000,0x00000000eea80000,0x00000000efa00000)
 ParOldGen       total 44032K, used 26800K [0x00000000c0000000, 0x00000000c2b00000, 0x00000000eab00000)
  object space 44032K, 60% used [0x00000000c0000000,0x00000000c1a2c020,0x00000000c2b00000)
 Metaspace       used 8646K, capacity 8972K, committed 9088K, reserved 1056768K
  class space    used 955K, capacity 1074K, committed 1152K, reserved 1048576K
}
Event: 1.816 GC heap before
{Heap before GC invocations=7 (full 0):
 PSYoungGen      total 80384K, used 76013K [0x00000000eab00000, 0x00000000f0a00000, 0x0000000100000000)
  eden space 65024K, 100% used [0x00000000eab00000,0x00000000eea80000,0x00000000eea80000)
  from space 15360K, 71% used [0x00000000efa00000,0x00000000f04bb748,0x00000000f0900000)
  to   space 15872K, 0% used [0x00000000eea80000,0x00000000eea80000,0x00000000efa00000)
 ParOldGen       total 44032K, used 26800K [0x00000000c0000000, 0x00000000c2b00000, 0x00000000eab00000)
  object space 44032K, 60% used [0x00000000c0000000,0x00000000c1a2c020,0x00000000c2b00000)
 Metaspace       used 9677K, capacity 9972K, committed 10240K, reserved 1058816K
  class space    used 1120K, capacity 1244K, committed 1280K, reserved 1048576K
Event: 1.861 GC heap after
Heap after GC invocations=7 (full 0):
 PSYoungGen      total 80896K, used 15848K [0x00000000eab00000, 0x00000000f0a00000, 0x0000000100000000)
  eden space 65024K, 0% used [0x00000000eab00000,0x00000000eab00000,0x00000000eea80000)
  from space 15872K, 99% used [0x00000000eea80000,0x00000000ef9fa148,0x00000000efa00000)
  to   space 15360K, 0% used [0x00000000efa00000,0x00000000efa00000,0x00000000f0900000)
 ParOldGen       total 44032K, used 36910K [0x00000000c0000000, 0x00000000c2b00000, 0x00000000eab00000)
  object space 44032K, 83% used [0x00000000c0000000,0x00000000c240bb20,0x00000000c2b00000)
 Metaspace       used 9677K, capacity 9972K, committed 10240K, reserved 1058816K
  class space    used 1120K, capacity 1244K, committed 1280K, reserved 1048576K
}
Event: 1.861 GC heap before
{Heap before GC invocations=8 (full 1):
 PSYoungGen      total 80896K, used 15848K [0x00000000eab00000, 0x00000000f0a00000, 0x0000000100000000)
  eden space 65024K, 0% used [0x00000000eab00000,0x00000000eab00000,0x00000000eea80000)
  from space 15872K, 99% used [0x00000000eea80000,0x00000000ef9fa148,0x00000000efa00000)
  to   space 15360K, 0% used [0x00000000efa00000,0x00000000efa00000,0x00000000f0900000)
 ParOldGen       total 44032K, used 36910K [0x00000000c0000000, 0x00000000c2b00000, 0x00000000eab00000)
  object space 44032K, 83% used [0x00000000c0000000,0x00000000c240bb20,0x00000000c2b00000)
 Metaspace       used 9677K, capacity 9972K, committed 10240K, reserved 1058816K
  class space    used 1120K, capacity 1244K, committed 1280K, reserved 1048576K
Event: 2.031 GC heap after
Heap after GC invocations=8 (full 1):
 PSYoungGen      total 80896K, used 0K [0x00000000eab00000, 0x00000000f0a00000, 0x0000000100000000)
  eden space 65024K, 0% used [0x00000000eab00000,0x00000000eab00000,0x00000000eea80000)
  from space 15872K, 0% used [0x00000000eea80000,0x00000000eea80000,0x00000000efa00000)
  to   space 15360K, 0% used [0x00000000efa00000,0x00000000efa00000,0x00000000f0900000)
 ParOldGen       total 69632K, used 30553K [0x00000000c0000000, 0x00000000c4400000, 0x00000000eab00000)
  object space 69632K, 43% used [0x00000000c0000000,0x00000000c1dd67a8,0x00000000c4400000)
 Metaspace       used 9669K, capacity 9950K, committed 10240K, reserved 1058816K
  class space    used 1117K, capacity 1239K, committed 1280K, reserved 1048576K
}
Event: 3.565 GC heap before
{Heap before GC invocations=9 (full 1):
 PSYoungGen      total 80896K, used 65024K [0x00000000eab00000, 0x00000000f0a00000, 0x0000000100000000)
  eden space 65024K, 100% used [0x00000000eab00000,0x00000000eea80000,0x00000000eea80000)
  from space 15872K, 0% used [0x00000000eea80000,0x00000000eea80000,0x00000000efa00000)
  to   space 15360K, 0% used [0x00000000efa00000,0x00000000efa00000,0x00000000f0900000)
 ParOldGen       total 69632K, used 30553K [0x00000000c0000000, 0x00000000c4400000, 0x00000000eab00000)
  object space 69632K, 43% used [0x00000000c0000000,0x00000000c1dd67a8,0x00000000c4400000)
 Metaspace       used 14116K, capacity 14730K, committed 14976K, reserved 1062912K
  class space    used 1714K, capacity 1887K, committed 1920K, reserved 1048576K
Event: 3.582 GC heap after
Heap after GC invocations=9 (full 1):
 PSYoungGen      total 80384K, used 5264K [0x00000000eab00000, 0x00000000f0a00000, 0x0000000100000000)
  eden space 65024K, 0% used [0x00000000eab00000,0x00000000eab00000,0x00000000eea80000)
  from space 15360K, 34% used [0x00000000efa00000,0x00000000eff242f8,0x00000000f0900000)
  to   space 15872K, 0% used [0x00000000eea80000,0x00000000eea80000,0x00000000efa00000)
 ParOldGen       total 69632K, used 30561K [0x00000000c0000000, 0x00000000c4400000, 0x00000000eab00000)
  object space 69632K, 43% used [0x00000000c0000000,0x00000000c1dd87a8,0x00000000c4400000)
 Metaspace       used 14116K, capacity 14730K, committed 14976K, reserved 1062912K
  class space    used 1714K, capacity 1887K, committed 1920K, reserved 1048576K
}

Deoptimization events (10 events):
Event: 3.744 Thread 0x00000000171a7000 Uncommon trap: reason=class_check action=maybe_recompile pc=0x0000000003607078 method=com.android.tools.r8.ir.optimize.CodeRewriter.e(Lcom/android/tools/r8/ir/code/Instruction;)Z @ 211
Event: 3.745 Thread 0x00000000171a7000 Uncommon trap: reason=class_check action=maybe_recompile pc=0x0000000003607078 method=com.android.tools.r8.ir.optimize.CodeRewriter.e(Lcom/android/tools/r8/ir/code/Instruction;)Z @ 211
Event: 3.745 Thread 0x00000000171a7000 Uncommon trap: reason=class_check action=maybe_recompile pc=0x0000000003607078 method=com.android.tools.r8.ir.optimize.CodeRewriter.e(Lcom/android/tools/r8/ir/code/Instruction;)Z @ 211
Event: 3.745 Thread 0x00000000171a7000 Uncommon trap: reason=class_check action=maybe_recompile pc=0x0000000003607078 method=com.android.tools.r8.ir.optimize.CodeRewriter.e(Lcom/android/tools/r8/ir/code/Instruction;)Z @ 211
Event: 3.754 Thread 0x00000000171a7000 Uncommon trap: reason=class_check action=maybe_recompile pc=0x00000000032a5cd0 method=java.util.HashMap.putVal(ILjava/lang/Object;Ljava/lang/Object;ZZ)Ljava/lang/Object; @ 203
Event: 3.755 Thread 0x00000000171a7000 Uncommon trap: reason=class_check action=maybe_recompile pc=0x00000000032a5cd0 method=java.util.HashMap.putVal(ILjava/lang/Object;Ljava/lang/Object;ZZ)Ljava/lang/Object; @ 203
Event: 3.755 Thread 0x00000000171a7000 Uncommon trap: reason=class_check action=maybe_recompile pc=0x00000000032a5cd0 method=java.util.HashMap.putVal(ILjava/lang/Object;Ljava/lang/Object;ZZ)Ljava/lang/Object; @ 203
Event: 3.755 Thread 0x00000000171a7000 Uncommon trap: reason=class_check action=maybe_recompile pc=0x0000000003266954 method=java.util.HashMap.putVal(ILjava/lang/Object;Ljava/lang/Object;ZZ)Ljava/lang/Object; @ 203
Event: 3.832 Thread 0x00000000171a7000 Uncommon trap: reason=unstable_if action=reinterpret pc=0x00000000034446d0 method=com.android.tools.r8.ir.conversion.N.a()Z @ 23
Event: 3.835 Thread 0x00000000171a7000 Uncommon trap: reason=unstable_if action=reinterpret pc=0x000000000347d6c8 method=com.android.tools.r8.ir.conversion.N.buildInstruction(Lcom/android/tools/r8/ir/conversion/IRBuilder;IZ)V @ 3

Classes redefined (0 events):
No events

Internal exceptions (10 events):
Event: 0.844 Thread 0x00000000029e3000 Exception <a 'java/security/PrivilegedActionException'> (0x00000000eb3c9920) thrown at [D:\j\worksp~1\openjd~3\jdk8u\hotspot\src\share\vm\prims\jvm.cpp, line 1508]
Event: 0.871 Thread 0x00000000029e3000 Implicit null exception at 0x0000000002d2f1fc to 0x0000000002d2fbb1
Event: 0.914 Thread 0x00000000029e3000 Implicit null exception at 0x0000000002d3f77c to 0x0000000002d40131
Event: 0.943 Thread 0x00000000029e3000 Implicit null exception at 0x0000000002d47065 to 0x0000000002d476b9
Event: 0.944 Thread 0x00000000029e3000 Implicit null exception at 0x0000000002d348b8 to 0x0000000002d34d7d
Event: 2.058 Thread 0x00000000171a7000 Implicit null exception at 0x0000000002f2e5e2 to 0x0000000002f2fa9d
Event: 2.221 Thread 0x00000000171aa000 Exception <a 'java/lang/NoSuchMethodError': java.lang.Object.lambda$comparingInt$7b0bb60$1(Ljava/util/function/ToIntFunction;Ljava/lang/Object;Ljava/lang/Object;)I> (0x00000000eafa3b50) thrown at [D:\j\worksp~1\openjd~3\jdk8u\hotspot\src\share\vm\interpre
Event: 2.222 Thread 0x00000000171a7000 Exception <a 'java/lang/NoSuchMethodError': java.lang.Object.lambda$comparingInt$7b0bb60$1(Ljava/util/function/ToIntFunction;Ljava/lang/Object;Ljava/lang/Object;)I> (0x00000000eaf1c5b0) thrown at [D:\j\worksp~1\openjd~3\jdk8u\hotspot\src\share\vm\interpre
Event: 2.224 Thread 0x00000000171a7000 Exception <a 'java/lang/NoSuchMethodError': java.lang.Object.lambda$maxBy$1(Ljava/util/Comparator;Ljava/lang/Object;Ljava/lang/Object;)Ljava/lang/Object;> (0x00000000eaf240e8) thrown at [D:\j\worksp~1\openjd~3\jdk8u\hotspot\src\share\vm\interpreter\linkRe
Event: 2.295 Thread 0x00000000171a7000 Implicit null exception at 0x0000000002f27eec to 0x0000000002f28129

Events (10 events):
Event: 3.755 Thread 0x00000000171a7000 DEOPT PACKING pc=0x0000000003266954 sp=0x0000000017a3e1b0
Event: 3.755 Thread 0x00000000171a7000 DEOPT UNPACKING pc=0x0000000002b2557b sp=0x0000000017a3e168 mode 2
Event: 3.755 Executing VM operation: ForceSafepoint
Event: 3.756 Executing VM operation: ForceSafepoint done
Event: 3.832 Thread 0x00000000171a7000 Uncommon trap: trap_request=0xffffff65 fr.pc=0x00000000034446d0
Event: 3.832 Thread 0x00000000171a7000 DEOPT PACKING pc=0x00000000034446d0 sp=0x0000000017a3e7c0
Event: 3.832 Thread 0x00000000171a7000 DEOPT UNPACKING pc=0x0000000002b2557b sp=0x0000000017a3e6a8 mode 2
Event: 3.835 Thread 0x00000000171a7000 Uncommon trap: trap_request=0xffffff65 fr.pc=0x000000000347d6c8
Event: 3.835 Thread 0x00000000171a7000 DEOPT PACKING pc=0x000000000347d6c8 sp=0x0000000017a3e7a0
Event: 3.835 Thread 0x00000000171a7000 DEOPT UNPACKING pc=0x0000000002b2557b sp=0x0000000017a3e788 mode 2


Dynamic libraries:
0x00007ff6b3b30000 - 0x00007ff6b3b65000 	C:\Program Files\Android\Jdk\microsoft_dist_openjdk_1.8.0.25\bin\java.exe
0x00007ffb9e960000 - 0x00007ffb9eb41000 	C:\Windows\SYSTEM32\ntdll.dll
0x00007ffb9c8c0000 - 0x00007ffb9c972000 	C:\Windows\System32\KERNEL32.DLL
0x00007ffb9af90000 - 0x00007ffb9b203000 	C:\Windows\System32\KERNELBASE.dll
0x00007ffb9c130000 - 0x00007ffb9c1d1000 	C:\Windows\System32\ADVAPI32.dll
0x00007ffb9c820000 - 0x00007ffb9c8be000 	C:\Windows\System32\msvcrt.dll
0x00007ffb9c380000 - 0x00007ffb9c3db000 	C:\Windows\System32\sechost.dll
0x00007ffb9e740000 - 0x00007ffb9e864000 	C:\Windows\System32\RPCRT4.dll
0x00007ffb9c1f0000 - 0x00007ffb9c380000 	C:\Windows\System32\USER32.dll
0x00007ffb9ad30000 - 0x00007ffb9ad50000 	C:\Windows\System32\win32u.dll
0x00007ffb9c570000 - 0x00007ffb9c598000 	C:\Windows\System32\GDI32.dll
0x00007ffb9ad50000 - 0x00007ffb9aee2000 	C:\Windows\System32\gdi32full.dll
0x00007ffb9aef0000 - 0x00007ffb9af8f000 	C:\Windows\System32\msvcp_win.dll
0x00007ffb9b370000 - 0x00007ffb9b46a000 	C:\Windows\System32\ucrtbase.dll
0x00007ffb86420000 - 0x00007ffb86689000 	C:\Windows\WinSxS\amd64_microsoft.windows.common-controls_6595b64144ccf1df_6.0.17134.523_none_fb409dd930672a56\COMCTL32.dll
0x00007ffb9e410000 - 0x00007ffb9e732000 	C:\Windows\System32\combase.dll
0x00007ffb9b470000 - 0x00007ffb9b4ea000 	C:\Windows\System32\bcryptPrimitives.dll
0x00007ffb9c670000 - 0x00007ffb9c69d000 	C:\Windows\System32\IMM32.DLL
0x000000005d9d0000 - 0x000000005daa1000 	C:\Program Files\Android\Jdk\microsoft_dist_openjdk_1.8.0.25\jre\bin\msvcr100.dll
0x000000005c3e0000 - 0x000000005cc25000 	C:\Program Files\Android\Jdk\microsoft_dist_openjdk_1.8.0.25\jre\bin\server\jvm.dll
0x00007ffb9c3e0000 - 0x00007ffb9c3e8000 	C:\Windows\System32\PSAPI.DLL
0x00007ffb82190000 - 0x00007ffb82199000 	C:\Windows\SYSTEM32\WSOCK32.dll
0x00007ffb91130000 - 0x00007ffb9113a000 	C:\Windows\SYSTEM32\VERSION.dll
0x00007ffb97180000 - 0x00007ffb971a3000 	C:\Windows\SYSTEM32\WINMM.dll
0x00007ffb9c5a0000 - 0x00007ffb9c60c000 	C:\Windows\System32\WS2_32.dll
0x00007ffb97150000 - 0x00007ffb9717a000 	C:\Windows\SYSTEM32\WINMMBASE.dll
0x00007ffb9b320000 - 0x00007ffb9b369000 	C:\Windows\System32\cfgmgr32.dll
0x00007ffb97ba0000 - 0x00007ffb97baf000 	C:\Program Files\Android\Jdk\microsoft_dist_openjdk_1.8.0.25\jre\bin\verify.dll
0x00007ffb893c0000 - 0x00007ffb893e9000 	C:\Program Files\Android\Jdk\microsoft_dist_openjdk_1.8.0.25\jre\bin\java.dll
0x00007ffb96050000 - 0x00007ffb96066000 	C:\Program Files\Android\Jdk\microsoft_dist_openjdk_1.8.0.25\jre\bin\zip.dll
0x00007ffb9cb80000 - 0x00007ffb9dfc0000 	C:\Windows\System32\SHELL32.dll
0x00007ffb9e880000 - 0x00007ffb9e929000 	C:\Windows\System32\shcore.dll
0x00007ffb9b4f0000 - 0x00007ffb9bbfd000 	C:\Windows\System32\windows.storage.dll
0x00007ffb9cb20000 - 0x00007ffb9cb71000 	C:\Windows\System32\shlwapi.dll
0x00007ffb9ad10000 - 0x00007ffb9ad21000 	C:\Windows\System32\kernel.appcore.dll
0x00007ffb9acd0000 - 0x00007ffb9acef000 	C:\Windows\System32\profapi.dll
0x00007ffb9ac70000 - 0x00007ffb9acbc000 	C:\Windows\System32\powrprof.dll
0x00007ffb9acc0000 - 0x00007ffb9acca000 	C:\Windows\System32\FLTLIB.DLL
0x00007ffb95ee0000 - 0x00007ffb95efa000 	C:\Program Files\Android\jdk\microsoft_dist_openjdk_1.8.0.25\jre\bin\net.dll
0x00007ffb9a4f0000 - 0x00007ffb9a556000 	C:\Windows\system32\mswsock.dll
0x00007ffb90a50000 - 0x00007ffb90a61000 	C:\Program Files\Android\jdk\microsoft_dist_openjdk_1.8.0.25\jre\bin\nio.dll

VM Arguments:
jvm_args: -Xmx1G 
java_command: com.android.tools.r8.D8 --debug --min-api 21 --output obj\Debug\90\android\bin --lib C:\Program Files (x86)\Android\android-sdk\platforms\android-28\android.jar obj\Debug\90\android\bin\classes.zip C:\Program Files (x86)\Microsoft Visual Studio\2019\Community\Common7\IDE\ReferenceAssemblies\Microsoft\Framework\MonoAndroid\v9.0\mono.android.jar C:\Program Files (x86)\Microsoft Visual Studio\2019\Community\MSBuild\Xamarin\Android\java_runtime_fastdev.jar obj\Debug\90\lp\15\jl\android.arch.core.common.jar obj\Debug\90\lp\16\jl\bin\classes.jar obj\Debug\90\lp\17\jl\android.arch.lifecycle.common.jar obj\Debug\90\lp\18\jl\bin\classes.jar obj\Debug\90\lp\19\jl\bin\classes.jar obj\Debug\90\lp\20\jl\bin\classes.jar obj\Debug\90\lp\21\jl\bin\classes.jar obj\Debug\90\lp\22\jl\bin\classes.jar obj\Debug\90\lp\23\jl\com.android.support.support-annotations.jar obj\Debug\90\lp\24\jl\bin\classes.jar obj\Debug\90\lp\25\jl\com.android.support.collections.jar obj\Debug\90\lp\26\jl\bin\classes.jar obj\Debug\90\lp\27\jl\bin\classes.jar obj\Debug\90\lp\28\jl\bin\classes.jar obj\Debug\90\lp\29\jl\bin\classes.jar obj\Debug\90\lp\30\jl\bin\classes.jar obj\Debug\90\lp\31\jl\bin\classes.jar obj\Debug\90\lp\32\jl\bin\classes.jar obj\Debug\90\lp\33\jl\bin\classes.jar obj\Debug\90\lp\34\jl\bin\classes.jar obj\Debug\90\lp\35\jl\bin\classes.jar obj\Debug\90\lp\36\jl\bin\classes.jar obj\Debug\90\lp\37\jl\bin\classes.jar obj\Debug\90\lp\38\jl\bin\classes.jar obj\Debug\90\lp\39\jl\bin\classes.jar obj\Debug\90\lp\40\jl\bin\classes.jar obj\Debug\90\lp\41\jl\bin\classes.jar obj\Debug\90\lp\42\jl\bin\classes.jar obj\Debug\90\lp\43\jl\bin\classes.jar obj\Debug\90\lp\44\jl\bin\classes.jar obj\Debug\90\lp\46\jl\bin\classes.jar obj\Debug\90\lp\47\jl\bin\classes.jar obj\Debug\90\lp\48\jl\bin\classes.jar obj\Debug\90\lp\49\jl\bin\classes.jar obj\Debug\90\lp\50\jl\bin\classes.jar obj\Debug\90\lp\51\jl\bin\classes.jar obj\Debug\90\lp\6\jl\formsviewgroup.jar
java_class_path (initial): C:\Program Files (x86)\Microsoft Visual Studio\2019\Community\MSBuild\Xamarin\Android\r8.jar
Launcher Type: SUN_STANDARD

Environment Variables:
PATH=C:\Program Files\Android\Jdk\microsoft_dist_openjdk_1.8.0.25\bin;C:\app\KhaoulaBouzekria\product\11.2.0\dbhome_1\bin;C:\Program Files\Microsoft MPI\Bin\;C:\ProgramData\Oracle\Java\javapath;C:\Windows\system32;C:\Windows;C:\Windows\System32\Wbem;C:\Windows\System32\WindowsPowerShell\v1.0\;C:\Windows\System32\OpenSSH\;C:\Program Files\Git\cmd;C:\Bison\bin;C:\Program Files (x86)\GnuWin32\bin;C:\Program Files (x86)\CodeBlocks\MinGW\bin;C:\Program Files\Microsoft SQL Server\Client SDK\ODBC\130\Tools\Binn\;C:\Program Files (x86)\Microsoft SQL Server\130\Tools\Binn\;C:\Program Files\Microsoft SQL Server\130\Tools\Binn\;C:\Program Files\Microsoft SQL Server\130\DTS\Binn\;C:\Program Files (x86)\Microsoft SQL Server\Client SDK\ODBC\130\Tools\Binn\;C:\Program Files (x86)\Microsoft SQL Server\140\Tools\Binn\;C:\Program Files (x86)\Microsoft SQL Server\140\DTS\Binn\;C:\Program Files (x86)\Microsoft SQL Server\140\Tools\Binn\ManagementStudio\;C:\Program Files\dotnet\;C:\Program Files\Microsoft SQL Server\Client SDK\ODBC\170\Tools\Binn\;C:\Users\Khaoula Bouzekria\AppData\Local\Microsoft\WindowsApps;C:\Program Files\Microsoft VS Code\bin;C:\Users\Khaoula Bouzekria\AppData\Local\GitHubDesktop\bin;C:\Program Files\dotnet\sdk\NuGetFallbackFolder\microsoft.codeanalysis.analyzers\1.1.0\tools;C:\Program Files\dotnet\sdk\NuGetFallbackFolder\microsoft.entityframeworkcore.tools\2.2.0\tools;C:\Program Files\dotnet\sdk\NuGetFallbackFolder\microsoft.aspnetcore.razor.design\2.2.0\tools;C:\Users\Khaoula Bouzekria\.nuget\packages\microsoft.entityframeworkcore.tools\2.2.3\tools;C:\Users\Khaoula Bouzekria\.nuget\packages\microsoft.entityframeworkcore.tools\2.2.4\tools;C:\Users\Khaoula Bouzekria\.nuget\packages\microsoft.aspnetcore.razor.design\2.1.0\tools
USERNAME=Khaoula Bouzekria
OS=Windows_NT
PROCESSOR_IDENTIFIER=Intel64 Family 6 Model 69 Stepping 1, GenuineIntel



---------------  S Y S T E M  ---------------

OS: Windows 10.0 , 64 bit Build 17134 (10.0.17134.1)

CPU:total 4 (initial active 4) (2 cores per cpu, 2 threads per core) family 6 model 69 stepping 1, cmov, cx8, fxsr, mmx, sse, sse2, sse3, ssse3, sse4.1, sse4.2, popcnt, avx, avx2, aes, clmul, erms, lzcnt, ht, tsc, tscinvbit, bmi1, bmi2

Memory: 4k page, physical 4088172k(428704k free), swap 16671084k(5392k free)

vm_info: OpenJDK 64-Bit Server VM (25.71-b00) for windows-amd64 JRE (1.8.0-25-microsoft-b00), built on Feb  7 2019 20:09:14 by "builder" with MS VC++ 10.0 (VS2010)

time: Fri May 15 16:23:30 2020
timezone: Afr. centrale Ouest
elapsed time: 3 seconds (0d 0h 0m 3s)

