#
# There is insufficient memory for the Java Runtime Environment to continue.
# Native memory allocation (malloc) failed to allocate 1075216 bytes for Chunk::new
# Possible reasons:
#   The system is out of physical RAM or swap space
#   The process is running with CompressedOops enabled, and the Java Heap may be blocking the growth of the native heap
# Possible solutions:
#   Reduce memory load on the system
#   Increase physical memory or swap space
#   Check if swap backing store is full
#   Decrease Java heap size (-Xmx/-Xms)
#   Decrease number of Java threads
#   Decrease Java thread stack sizes (-Xss)
#   Set larger code cache with -XX:ReservedCodeCacheSize=
#   JVM is running with Unscaled Compressed Oops mode in which the Java heap is
#     placed in the first 4GB address space. The Java Heap base address is the
#     maximum limit for the native heap growth. Please use -XX:HeapBaseMinAddress
#     to set the Java Heap base and to place the Java Heap above 4GB virtual address.
# This output file may be truncated or incomplete.
#
#  Out of Memory Error (allocation.cpp:389), pid=15920, tid=0x00000000000003fc
#
# JRE version: OpenJDK Runtime Environment (8.0) (build 1.8.0-25-microsoft-b00)
# Java VM: OpenJDK 64-Bit Server VM (25.71-b00 mixed mode windows-amd64 compressed oops)
# Failed to write core dump. Minidumps are not enabled by default on client versions of Windows
#

---------------  T H R E A D  ---------------

Current thread (0x0000000014eb1000):  JavaThread "C2 CompilerThread0" daemon [_thread_in_native, id=1020, stack(0x0000000016530000,0x0000000016630000)]

Stack: [0x0000000016530000,0x0000000016630000]
[error occurred during error reporting (printing stack bounds), id 0xc0000005]

Native frames: (J=compiled Java code, j=interpreted, Vv=VM code, C=native code)


Current CompileTask:
C2:  21681 4684 %     4       com.android.tools.r8.ir.conversion.I::a @ 325 (945 bytes)


---------------  P R O C E S S  ---------------

Java Threads: ( => current thread )
  0x00000000171b3800 JavaThread "ForkJoinPool-1-worker-0" daemon [_thread_in_Java, id=15832, stack(0x0000000017730000,0x0000000017830000)]
  0x00000000171b1000 JavaThread "ForkJoinPool-1-worker-1" daemon [_thread_in_Java, id=8140, stack(0x0000000017630000,0x0000000017730000)]
  0x0000000016851800 JavaThread "Service Thread" daemon [_thread_blocked, id=1160, stack(0x0000000016c30000,0x0000000016d30000)]
  0x0000000014ebe000 JavaThread "C1 CompilerThread2" daemon [_thread_blocked, id=9324, stack(0x0000000016730000,0x0000000016830000)]
  0x0000000014eb6000 JavaThread "C2 CompilerThread1" daemon [_thread_in_native, id=8068, stack(0x0000000016630000,0x0000000016730000)]
=>0x0000000014eb1000 JavaThread "C2 CompilerThread0" daemon [_thread_in_native, id=1020, stack(0x0000000016530000,0x0000000016630000)]
  0x0000000014eaf800 JavaThread "Attach Listener" daemon [_thread_blocked, id=8080, stack(0x0000000016430000,0x0000000016530000)]
  0x0000000014eac800 JavaThread "Signal Dispatcher" daemon [_thread_blocked, id=15808, stack(0x0000000016330000,0x0000000016430000)]
  0x00000000027dc800 JavaThread "Finalizer" daemon [_thread_blocked, id=14864, stack(0x0000000016110000,0x0000000016210000)]
  0x0000000014e99000 JavaThread "Reference Handler" daemon [_thread_blocked, id=15232, stack(0x0000000016010000,0x0000000016110000)]
  0x00000000026e3000 JavaThread "main" [_thread_blocked, id=10324, stack(0x00000000025e0000,0x00000000026e0000)]

Other Threads:
  0x0000000014e76800 VMThread [stack: 0x0000000015f10000,0x0000000016010000] [id=104]
  0x0000000016852000 WatcherThread [stack: 0x0000000016d30000,0x0000000016e30000] [id=12876]

VM state:not at safepoint (normal execution)

VM Mutex/Monitor currently owned by a thread: None

heap address: 0x00000000c0000000, size: 1024 MB, Compressed Oops mode: 32-bit
Narrow klass base: 0x0000000000000000, Narrow klass shift: 3
Compressed class space size: 1073741824 Address: 0x0000000100000000

Heap:
 PSYoungGen      total 263680K, used 16179K [0x00000000eab00000, 0x00000000fcc80000, 0x0000000100000000)
  eden space 231424K, 4% used [0x00000000eab00000,0x00000000eb644cf8,0x00000000f8d00000)
  from space 32256K, 14% used [0x00000000f8d00000,0x00000000f9188010,0x00000000fac80000)
  to   space 32256K, 0% used [0x00000000fac80000,0x00000000fac80000,0x00000000fcc00000)
 ParOldGen       total 87040K, used 41791K [0x00000000c0000000, 0x00000000c5500000, 0x00000000eab00000)
  object space 87040K, 48% used [0x00000000c0000000,0x00000000c28cff08,0x00000000c5500000)
 Metaspace       used 15059K, capacity 15720K, committed 15872K, reserved 1062912K
  class space    used 1766K, capacity 1932K, committed 2048K, reserved 1048576K

Card table byte_map: [0x0000000011ba0000,0x0000000011db0000] byte_map_base: 0x00000000115a0000

Marking Bits: (ParMarkBitMap*) 0x000000005cba8f30
 Begin Bits: [0x0000000012310000, 0x0000000013310000)
 End Bits:   [0x0000000013310000, 0x0000000014310000)

Polling page: 0x00000000003f0000

CodeCache: size=245760Kb used=15924Kb max_used=15924Kb free=229835Kb
 bounds [0x00000000027e0000, 0x0000000003780000, 0x00000000117e0000]
 total_blobs=4383 nmethods=4039 adapters=256
 compilation: enabled

Compilation events (10 events):
Event: 21.438 Thread 0x0000000014ebe000 4789       2       java.util.HashMap$TreeNode::rotateRight (91 bytes)
Event: 21.439 Thread 0x0000000014ebe000 nmethod 4789 0x000000000376c210 code [0x000000000376c360, 0x000000000376c5b0]
Event: 21.439 Thread 0x0000000014ebe000 4790 %     3       java.util.HashMap$TreeNode::find @ 3 (172 bytes)
Event: 21.440 Thread 0x0000000014ebe000 nmethod 4790% 0x000000000376b0d0 code [0x000000000376b2c0, 0x000000000376be78]
Event: 21.593 Thread 0x0000000014ebe000 4792       2       com.android.tools.r8.ir.code.BasicBlock::a (128 bytes)
Event: 21.595 Thread 0x0000000014ebe000 nmethod 4792 0x000000000376a1d0 code [0x000000000376a3e0, 0x000000000376ab18]
Event: 21.600 Thread 0x0000000014ebe000 4793       2       com.android.tools.r8.ir.code.i0::a (8 bytes)
Event: 21.601 Thread 0x0000000014ebe000 nmethod 4793 0x0000000002b07610 code [0x0000000002b07780, 0x0000000002b07958]
Event: 21.601 Thread 0x0000000014ebe000 4794       3       com.android.tools.r8.ir.optimize.f::a (193 bytes)
Event: 21.606 Thread 0x0000000014ebe000 nmethod 4794 0x0000000003779910 code [0x0000000003779de0, 0x000000000377ce38]

GC Heap History (10 events):
Event: 18.243 GC heap before
{Heap before GC invocations=23 (full 1):
 PSYoungGen      total 263680K, used 258080K [0x00000000eab00000, 0x00000000fcc80000, 0x0000000100000000)
  eden space 231424K, 100% used [0x00000000eab00000,0x00000000f8d00000,0x00000000f8d00000)
  from space 32256K, 82% used [0x00000000f8d00000,0x00000000fa708020,0x00000000fac80000)
  to   space 32256K, 0% used [0x00000000fac80000,0x00000000fac80000,0x00000000fcc00000)
 ParOldGen       total 69120K, used 51405K [0x00000000c0000000, 0x00000000c4380000, 0x00000000eab00000)
  object space 69120K, 74% used [0x00000000c0000000,0x00000000c32336e0,0x00000000c4380000)
 Metaspace       used 15061K, capacity 15690K, committed 15872K, reserved 1062912K
  class space    used 1771K, capacity 1941K, committed 2048K, reserved 1048576K
Event: 18.312 GC heap after
Heap after GC invocations=23 (full 1):
 PSYoungGen      total 263680K, used 31554K [0x00000000eab00000, 0x00000000fcc80000, 0x0000000100000000)
  eden space 231424K, 0% used [0x00000000eab00000,0x00000000eab00000,0x00000000f8d00000)
  from space 32256K, 97% used [0x00000000fac80000,0x00000000fcb50a38,0x00000000fcc00000)
  to   space 32256K, 0% used [0x00000000f8d00000,0x00000000f8d00000,0x00000000fac80000)
 ParOldGen       total 69120K, used 51405K [0x00000000c0000000, 0x00000000c4380000, 0x00000000eab00000)
  object space 69120K, 74% used [0x00000000c0000000,0x00000000c32336e0,0x00000000c4380000)
 Metaspace       used 15061K, capacity 15690K, committed 15872K, reserved 1062912K
  class space    used 1771K, capacity 1941K, committed 2048K, reserved 1048576K
}
Event: 19.091 GC heap before
{Heap before GC invocations=24 (full 1):
 PSYoungGen      total 263680K, used 262978K [0x00000000eab00000, 0x00000000fcc80000, 0x0000000100000000)
  eden space 231424K, 100% used [0x00000000eab00000,0x00000000f8d00000,0x00000000f8d00000)
  from space 32256K, 97% used [0x00000000fac80000,0x00000000fcb50a38,0x00000000fcc00000)
  to   space 32256K, 0% used [0x00000000f8d00000,0x00000000f8d00000,0x00000000fac80000)
 ParOldGen       total 69120K, used 51405K [0x00000000c0000000, 0x00000000c4380000, 0x00000000eab00000)
  object space 69120K, 74% used [0x00000000c0000000,0x00000000c32336e0,0x00000000c4380000)
 Metaspace       used 15071K, capacity 15754K, committed 15872K, reserved 1062912K
  class space    used 1771K, capacity 1941K, committed 2048K, reserved 1048576K
Event: 19.159 GC heap after
Heap after GC invocations=24 (full 1):
 PSYoungGen      total 263680K, used 32224K [0x00000000eab00000, 0x00000000fcc80000, 0x0000000100000000)
  eden space 231424K, 0% used [0x00000000eab00000,0x00000000eab00000,0x00000000f8d00000)
  from space 32256K, 99% used [0x00000000f8d00000,0x00000000fac78010,0x00000000fac80000)
  to   space 32256K, 0% used [0x00000000fac80000,0x00000000fac80000,0x00000000fcc00000)
 ParOldGen       total 69120K, used 56589K [0x00000000c0000000, 0x00000000c4380000, 0x00000000eab00000)
  object space 69120K, 81% used [0x00000000c0000000,0x00000000c37436f0,0x00000000c4380000)
 Metaspace       used 15071K, capacity 15754K, committed 15872K, reserved 1062912K
  class space    used 1771K, capacity 1941K, committed 2048K, reserved 1048576K
}
Event: 19.829 GC heap before
{Heap before GC invocations=25 (full 1):
 PSYoungGen      total 263680K, used 263648K [0x00000000eab00000, 0x00000000fcc80000, 0x0000000100000000)
  eden space 231424K, 100% used [0x00000000eab00000,0x00000000f8d00000,0x00000000f8d00000)
  from space 32256K, 99% used [0x00000000f8d00000,0x00000000fac78010,0x00000000fac80000)
  to   space 32256K, 0% used [0x00000000fac80000,0x00000000fac80000,0x00000000fcc00000)
 ParOldGen       total 69120K, used 56589K [0x00000000c0000000, 0x00000000c4380000, 0x00000000eab00000)
  object space 69120K, 81% used [0x00000000c0000000,0x00000000c37436f0,0x00000000c4380000)
 Metaspace       used 15072K, capacity 15754K, committed 15872K, reserved 1062912K
  class space    used 1771K, capacity 1941K, committed 2048K, reserved 1048576K
Event: 19.904 GC heap after
Heap after GC invocations=25 (full 1):
 PSYoungGen      total 263680K, used 30864K [0x00000000eab00000, 0x00000000fcc80000, 0x0000000100000000)
  eden space 231424K, 0% used [0x00000000eab00000,0x00000000eab00000,0x00000000f8d00000)
  from space 32256K, 95% used [0x00000000fac80000,0x00000000fcaa4020,0x00000000fcc00000)
  to   space 32256K, 0% used [0x00000000f8d00000,0x00000000f8d00000,0x00000000fac80000)
 ParOldGen       total 69120K, used 61075K [0x00000000c0000000, 0x00000000c4380000, 0x00000000eab00000)
  object space 69120K, 88% used [0x00000000c0000000,0x00000000c3ba4c60,0x00000000c4380000)
 Metaspace       used 15072K, capacity 15754K, committed 15872K, reserved 1062912K
  class space    used 1771K, capacity 1941K, committed 2048K, reserved 1048576K
}
Event: 19.904 GC heap before
{Heap before GC invocations=26 (full 2):
 PSYoungGen      total 263680K, used 30864K [0x00000000eab00000, 0x00000000fcc80000, 0x0000000100000000)
  eden space 231424K, 0% used [0x00000000eab00000,0x00000000eab00000,0x00000000f8d00000)
  from space 32256K, 95% used [0x00000000fac80000,0x00000000fcaa4020,0x00000000fcc00000)
  to   space 32256K, 0% used [0x00000000f8d00000,0x00000000f8d00000,0x00000000fac80000)
 ParOldGen       total 69120K, used 61075K [0x00000000c0000000, 0x00000000c4380000, 0x00000000eab00000)
  object space 69120K, 88% used [0x00000000c0000000,0x00000000c3ba4c60,0x00000000c4380000)
 Metaspace       used 15072K, capacity 15754K, committed 15872K, reserved 1062912K
  class space    used 1771K, capacity 1941K, committed 2048K, reserved 1048576K
Event: 20.689 GC heap after
Heap after GC invocations=26 (full 2):
 PSYoungGen      total 263680K, used 0K [0x00000000eab00000, 0x00000000fcc80000, 0x0000000100000000)
  eden space 231424K, 0% used [0x00000000eab00000,0x00000000eab00000,0x00000000f8d00000)
  from space 32256K, 0% used [0x00000000fac80000,0x00000000fac80000,0x00000000fcc00000)
  to   space 32256K, 0% used [0x00000000f8d00000,0x00000000f8d00000,0x00000000fac80000)
 ParOldGen       total 87040K, used 41791K [0x00000000c0000000, 0x00000000c5500000, 0x00000000eab00000)
  object space 87040K, 48% used [0x00000000c0000000,0x00000000c28cff08,0x00000000c5500000)
 Metaspace       used 15057K, capacity 15720K, committed 15872K, reserved 1062912K
  class space    used 1766K, capacity 1932K, committed 2048K, reserved 1048576K
}
Event: 21.635 GC heap before
{Heap before GC invocations=27 (full 2):
 PSYoungGen      total 263680K, used 231424K [0x00000000eab00000, 0x00000000fcc80000, 0x0000000100000000)
  eden space 231424K, 100% used [0x00000000eab00000,0x00000000f8d00000,0x00000000f8d00000)
  from space 32256K, 0% used [0x00000000fac80000,0x00000000fac80000,0x00000000fcc00000)
  to   space 32256K, 0% used [0x00000000f8d00000,0x00000000f8d00000,0x00000000fac80000)
 ParOldGen       total 87040K, used 41791K [0x00000000c0000000, 0x00000000c5500000, 0x00000000eab00000)
  object space 87040K, 48% used [0x00000000c0000000,0x00000000c28cff08,0x00000000c5500000)
 Metaspace       used 15059K, capacity 15720K, committed 15872K, reserved 1062912K
  class space    used 1766K, capacity 1932K, committed 2048K, reserved 1048576K
Event: 21.646 GC heap after
Heap after GC invocations=27 (full 2):
 PSYoungGen      total 263680K, used 4640K [0x00000000eab00000, 0x00000000fcc80000, 0x0000000100000000)
  eden space 231424K, 0% used [0x00000000eab00000,0x00000000eab00000,0x00000000f8d00000)
  from space 32256K, 14% used [0x00000000f8d00000,0x00000000f9188010,0x00000000fac80000)
  to   space 32256K, 0% used [0x00000000fac80000,0x00000000fac80000,0x00000000fcc00000)
 ParOldGen       total 87040K, used 41791K [0x00000000c0000000, 0x00000000c5500000, 0x00000000eab00000)
  object space 87040K, 48% used [0x00000000c0000000,0x00000000c28cff08,0x00000000c5500000)
 Metaspace       used 15059K, capacity 15720K, committed 15872K, reserved 1062912K
  class space    used 1766K, capacity 1932K, committed 2048K, reserved 1048576K
}

Deoptimization events (10 events):
Event: 14.837 Thread 0x00000000171b3800 Uncommon trap: reason=class_check action=maybe_recompile pc=0x0000000002ab6748 method=com.android.tools.r8.ir.regalloc.LinearScanRegisterAllocator.a(Ljava/util/function/Predicate;Ljava/util/function/BiPredicate;ILcom/android/tools/r8/ir/regalloc/LiveInter
Event: 14.837 Thread 0x00000000171b3800 Uncommon trap: reason=class_check action=maybe_recompile pc=0x0000000002ab6748 method=com.android.tools.r8.ir.regalloc.LinearScanRegisterAllocator.a(Ljava/util/function/Predicate;Ljava/util/function/BiPredicate;ILcom/android/tools/r8/ir/regalloc/LiveInter
Event: 15.027 Thread 0x00000000171b1000 Uncommon trap: reason=unstable_if action=reinterpret pc=0x0000000002d75e94 method=com.android.tools.r8.ir.code.Value.a(Lcom/android/tools/r8/graph/AppView;Lcom/android/tools/r8/ir/code/IRCode;Ljava/util/function/Predicate;Ljava/util/Set;)Z @ 144
Event: 15.385 Thread 0x00000000171b1000 Uncommon trap: reason=unstable_if action=reinterpret pc=0x0000000002fb42bc method=java.util.Arrays.equals([Ljava/lang/Object;[Ljava/lang/Object;)Z @ 65
Event: 15.386 Thread 0x00000000171b1000 Uncommon trap: reason=unstable_if action=reinterpret pc=0x0000000002f2c4d0 method=java.util.Arrays.equals([Ljava/lang/Object;[Ljava/lang/Object;)Z @ 65
Event: 16.087 Thread 0x00000000171b3800 Uncommon trap: reason=unstable_if action=reinterpret pc=0x0000000003682730 method=com.android.tools.r8.ir.regalloc.LiveIntervals.getSplitCovering(I)Lcom/android/tools/r8/ir/regalloc/LiveIntervals; @ 132
Event: 16.292 Thread 0x00000000171b3800 Uncommon trap: reason=unstable_if action=reinterpret pc=0x00000000033bb544 method=com.android.tools.r8.graph.DexDebugEventBuilder.a(IILcom/android/tools/r8/ir/code/Instruction;)V @ 862
Event: 16.304 Thread 0x00000000171b3800 Uncommon trap: reason=unstable_if action=reinterpret pc=0x00000000030ffa4c method=com.android.tools.r8.ir.code.Position.equals(Ljava/lang/Object;)Z @ 27
Event: 17.914 Thread 0x00000000171b1000 Uncommon trap: reason=unstable_if action=reinterpret pc=0x0000000002dd7528 method=com.android.tools.r8.n.a.a.a.g.B0$e.contains(Ljava/lang/Object;)Z @ 176
Event: 21.179 Thread 0x00000000171b3800 Uncommon trap: reason=unstable_if action=reinterpret pc=0x00000000036a3854 method=com.android.tools.r8.ir.conversion.N.b(Lcom/android/tools/r8/t/a/a/G/a;)Z @ 39

Classes redefined (0 events):
No events

Internal exceptions (10 events):
Event: 0.733 Thread 0x00000000026e3000 Exception <a 'java/security/PrivilegedActionException'> (0x00000000eb3c8800) thrown at [D:\j\worksp~1\openjd~3\jdk8u\hotspot\src\share\vm\prims\jvm.cpp, line 1508]
Event: 0.733 Thread 0x00000000026e3000 Exception <a 'java/security/PrivilegedActionException'> (0x00000000eb3c8a10) thrown at [D:\j\worksp~1\openjd~3\jdk8u\hotspot\src\share\vm\prims\jvm.cpp, line 1508]
Event: 0.755 Thread 0x00000000026e3000 Implicit null exception at 0x0000000002a37dfc to 0x0000000002a387b1
Event: 0.784 Thread 0x00000000026e3000 Implicit null exception at 0x0000000002a32665 to 0x0000000002a32cd1
Event: 0.801 Thread 0x00000000026e3000 Implicit null exception at 0x0000000002a20878 to 0x0000000002a20d3d
Event: 1.179 Thread 0x00000000171b3800 Implicit null exception at 0x0000000002ba72a2 to 0x0000000002ba73d1
Event: 1.743 Thread 0x00000000171b1000 Implicit null exception at 0x0000000002c3027f to 0x0000000002c31279
Event: 1.858 Thread 0x00000000171b1000 Exception <a 'java/lang/NoSuchMethodError': java.lang.Object.lambda$comparingInt$7b0bb60$1(Ljava/util/function/ToIntFunction;Ljava/lang/Object;Ljava/lang/Object;)I> (0x00000000eaff6b00) thrown at [D:\j\worksp~1\openjd~3\jdk8u\hotspot\src\share\vm\interpre
Event: 1.861 Thread 0x00000000171b1000 Exception <a 'java/lang/NoSuchMethodError': java.lang.Object.lambda$maxBy$1(Ljava/util/Comparator;Ljava/lang/Object;Ljava/lang/Object;)Ljava/lang/Object;> (0x00000000eb0023d8) thrown at [D:\j\worksp~1\openjd~3\jdk8u\hotspot\src\share\vm\interpreter\linkRe
Event: 1.938 Thread 0x00000000171b1000 Implicit null exception at 0x0000000002c32eec to 0x0000000002c33129

Events (10 events):
Event: 21.554 Thread 0x00000000171b3800 DEOPT PACKING pc=0x00000000031a5285 sp=0x000000001782e630
Event: 21.554 Thread 0x00000000171b3800 DEOPT UNPACKING pc=0x00000000028275d0 sp=0x000000001782e4e8 mode 0
Event: 21.594 Thread 0x00000000171b1000 DEOPT PACKING pc=0x0000000002f951cd sp=0x000000001772e460
Event: 21.594 Thread 0x00000000171b1000 DEOPT UNPACKING pc=0x00000000028275d0 sp=0x000000001772e4d0 mode 0
Event: 21.622 Thread 0x00000000171b3800 DEOPT PACKING pc=0x0000000002eec2b3 sp=0x000000001782e910
Event: 21.622 Thread 0x00000000171b3800 DEOPT UNPACKING pc=0x00000000028275d0 sp=0x000000001782e7c8 mode 0
Event: 21.635 Executing VM operation: ParallelGCFailedAllocation
Event: 21.646 Executing VM operation: ParallelGCFailedAllocation done
Event: 21.671 Thread 0x00000000171b3800 DEOPT PACKING pc=0x0000000002eebea7 sp=0x000000001782e680
Event: 21.671 Thread 0x00000000171b3800 DEOPT UNPACKING pc=0x00000000028275d0 sp=0x000000001782e528 mode 0


Dynamic libraries:
0x00007ff6b3b30000 - 0x00007ff6b3b65000 	C:\Program Files\Android\Jdk\microsoft_dist_openjdk_1.8.0.25\bin\java.exe
0x00007ffb9e960000 - 0x00007ffb9eb41000 	C:\Windows\SYSTEM32\ntdll.dll
0x00007ffb9c8c0000 - 0x00007ffb9c972000 	C:\Windows\System32\KERNEL32.DLL
0x00007ffb9af90000 - 0x00007ffb9b203000 	C:\Windows\System32\KERNELBASE.dll
0x00007ffb9c130000 - 0x00007ffb9c1d1000 	C:\Windows\System32\ADVAPI32.dll
0x00007ffb9c820000 - 0x00007ffb9c8be000 	C:\Windows\System32\msvcrt.dll
0x00007ffb9c380000 - 0x00007ffb9c3db000 	C:\Windows\System32\sechost.dll
0x00007ffb9e740000 - 0x00007ffb9e864000 	C:\Windows\System32\RPCRT4.dll
0x00007ffb9c1f0000 - 0x00007ffb9c380000 	C:\Windows\System32\USER32.dll
0x00007ffb9ad30000 - 0x00007ffb9ad50000 	C:\Windows\System32\win32u.dll
0x00007ffb9c570000 - 0x00007ffb9c598000 	C:\Windows\System32\GDI32.dll
0x00007ffb9ad50000 - 0x00007ffb9aee2000 	C:\Windows\System32\gdi32full.dll
0x00007ffb9aef0000 - 0x00007ffb9af8f000 	C:\Windows\System32\msvcp_win.dll
0x00007ffb9b370000 - 0x00007ffb9b46a000 	C:\Windows\System32\ucrtbase.dll
0x00007ffb86420000 - 0x00007ffb86689000 	C:\Windows\WinSxS\amd64_microsoft.windows.common-controls_6595b64144ccf1df_6.0.17134.523_none_fb409dd930672a56\COMCTL32.dll
0x00007ffb9e410000 - 0x00007ffb9e732000 	C:\Windows\System32\combase.dll
0x00007ffb9b470000 - 0x00007ffb9b4ea000 	C:\Windows\System32\bcryptPrimitives.dll
0x00007ffb9c670000 - 0x00007ffb9c69d000 	C:\Windows\System32\IMM32.DLL
0x000000005d9d0000 - 0x000000005daa1000 	C:\Program Files\Android\Jdk\microsoft_dist_openjdk_1.8.0.25\jre\bin\msvcr100.dll
0x000000005c3e0000 - 0x000000005cc25000 	C:\Program Files\Android\Jdk\microsoft_dist_openjdk_1.8.0.25\jre\bin\server\jvm.dll
0x00007ffb9c3e0000 - 0x00007ffb9c3e8000 	C:\Windows\System32\PSAPI.DLL
0x00007ffb82190000 - 0x00007ffb82199000 	C:\Windows\SYSTEM32\WSOCK32.dll
0x00007ffb97180000 - 0x00007ffb971a3000 	C:\Windows\SYSTEM32\WINMM.dll
0x00007ffb91130000 - 0x00007ffb9113a000 	C:\Windows\SYSTEM32\VERSION.dll
0x00007ffb9c5a0000 - 0x00007ffb9c60c000 	C:\Windows\System32\WS2_32.dll
0x00007ffb97150000 - 0x00007ffb9717a000 	C:\Windows\SYSTEM32\WINMMBASE.dll
0x00007ffb9b320000 - 0x00007ffb9b369000 	C:\Windows\System32\cfgmgr32.dll
0x00007ffb97ba0000 - 0x00007ffb97baf000 	C:\Program Files\Android\Jdk\microsoft_dist_openjdk_1.8.0.25\jre\bin\verify.dll
0x00007ffb893c0000 - 0x00007ffb893e9000 	C:\Program Files\Android\Jdk\microsoft_dist_openjdk_1.8.0.25\jre\bin\java.dll
0x00007ffb96050000 - 0x00007ffb96066000 	C:\Program Files\Android\Jdk\microsoft_dist_openjdk_1.8.0.25\jre\bin\zip.dll
0x00007ffb9cb80000 - 0x00007ffb9dfc0000 	C:\Windows\System32\SHELL32.dll
0x00007ffb9e880000 - 0x00007ffb9e929000 	C:\Windows\System32\shcore.dll
0x00007ffb9b4f0000 - 0x00007ffb9bbfd000 	C:\Windows\System32\windows.storage.dll
0x00007ffb9cb20000 - 0x00007ffb9cb71000 	C:\Windows\System32\shlwapi.dll
0x00007ffb9ad10000 - 0x00007ffb9ad21000 	C:\Windows\System32\kernel.appcore.dll
0x00007ffb9acd0000 - 0x00007ffb9acef000 	C:\Windows\System32\profapi.dll
0x00007ffb9ac70000 - 0x00007ffb9acbc000 	C:\Windows\System32\powrprof.dll
0x00007ffb9acc0000 - 0x00007ffb9acca000 	C:\Windows\System32\FLTLIB.DLL
0x00007ffb95ee0000 - 0x00007ffb95efa000 	C:\Program Files\Android\jdk\microsoft_dist_openjdk_1.8.0.25\jre\bin\net.dll
0x00007ffb9a4f0000 - 0x00007ffb9a556000 	C:\Windows\system32\mswsock.dll
0x00007ffb90a50000 - 0x00007ffb90a61000 	C:\Program Files\Android\jdk\microsoft_dist_openjdk_1.8.0.25\jre\bin\nio.dll

VM Arguments:
jvm_args: -Xmx1G 
java_command: com.android.tools.r8.D8 --debug --min-api 21 --output obj\Debug\90\android\bin --lib C:\Program Files (x86)\Android\android-sdk\platforms\android-28\android.jar obj\Debug\90\android\bin\classes.zip C:\Program Files (x86)\Microsoft Visual Studio\2019\Community\Common7\IDE\ReferenceAssemblies\Microsoft\Framework\MonoAndroid\v9.0\mono.android.jar C:\Program Files (x86)\Microsoft Visual Studio\2019\Community\MSBuild\Xamarin\Android\java_runtime_fastdev.jar obj\Debug\90\lp\15\jl\android.arch.core.common.jar obj\Debug\90\lp\16\jl\bin\classes.jar obj\Debug\90\lp\17\jl\android.arch.lifecycle.common.jar obj\Debug\90\lp\18\jl\bin\classes.jar obj\Debug\90\lp\19\jl\bin\classes.jar obj\Debug\90\lp\20\jl\bin\classes.jar obj\Debug\90\lp\21\jl\bin\classes.jar obj\Debug\90\lp\22\jl\bin\classes.jar obj\Debug\90\lp\23\jl\com.android.support.support-annotations.jar obj\Debug\90\lp\24\jl\bin\classes.jar obj\Debug\90\lp\25\jl\com.android.support.collections.jar obj\Debug\90\lp\26\jl\bin\classes.jar obj\Debug\90\lp\27\jl\bin\classes.jar obj\Debug\90\lp\28\jl\bin\classes.jar obj\Debug\90\lp\29\jl\bin\classes.jar obj\Debug\90\lp\30\jl\bin\classes.jar obj\Debug\90\lp\31\jl\bin\classes.jar obj\Debug\90\lp\32\jl\bin\classes.jar obj\Debug\90\lp\33\jl\bin\classes.jar obj\Debug\90\lp\34\jl\bin\classes.jar obj\Debug\90\lp\35\jl\bin\classes.jar obj\Debug\90\lp\36\jl\bin\classes.jar obj\Debug\90\lp\37\jl\bin\classes.jar obj\Debug\90\lp\38\jl\bin\classes.jar obj\Debug\90\lp\39\jl\bin\classes.jar obj\Debug\90\lp\40\jl\bin\classes.jar obj\Debug\90\lp\41\jl\bin\classes.jar obj\Debug\90\lp\42\jl\bin\classes.jar obj\Debug\90\lp\43\jl\bin\classes.jar obj\Debug\90\lp\44\jl\bin\classes.jar obj\Debug\90\lp\46\jl\bin\classes.jar obj\Debug\90\lp\47\jl\bin\classes.jar obj\Debug\90\lp\48\jl\bin\classes.jar obj\Debug\90\lp\49\jl\bin\classes.jar obj\Debug\90\lp\50\jl\bin\classes.jar obj\Debug\90\lp\51\jl\bin\classes.jar obj\Debug\90\lp\6\jl\formsviewgroup.jar
java_class_path (initial): C:\Program Files (x86)\Microsoft Visual Studio\2019\Community\MSBuild\Xamarin\Android\r8.jar
Launcher Type: SUN_STANDARD

Environment Variables:
PATH=C:\Program Files\Android\Jdk\microsoft_dist_openjdk_1.8.0.25\bin;C:\app\KhaoulaBouzekria\product\11.2.0\dbhome_1\bin;C:\Program Files\Microsoft MPI\Bin\;C:\ProgramData\Oracle\Java\javapath;C:\Windows\system32;C:\Windows;C:\Windows\System32\Wbem;C:\Windows\System32\WindowsPowerShell\v1.0\;C:\Windows\System32\OpenSSH\;C:\Program Files\Git\cmd;C:\Bison\bin;C:\Program Files (x86)\GnuWin32\bin;C:\Program Files (x86)\CodeBlocks\MinGW\bin;C:\Program Files\Microsoft SQL Server\Client SDK\ODBC\130\Tools\Binn\;C:\Program Files (x86)\Microsoft SQL Server\130\Tools\Binn\;C:\Program Files\Microsoft SQL Server\130\Tools\Binn\;C:\Program Files\Microsoft SQL Server\130\DTS\Binn\;C:\Program Files (x86)\Microsoft SQL Server\Client SDK\ODBC\130\Tools\Binn\;C:\Program Files (x86)\Microsoft SQL Server\140\Tools\Binn\;C:\Program Files (x86)\Microsoft SQL Server\140\DTS\Binn\;C:\Program Files (x86)\Microsoft SQL Server\140\Tools\Binn\ManagementStudio\;C:\Program Files\dotnet\;C:\Program Files\Microsoft SQL Server\Client SDK\ODBC\170\Tools\Binn\;C:\Users\Khaoula Bouzekria\AppData\Local\Microsoft\WindowsApps;C:\Program Files\Microsoft VS Code\bin;C:\Users\Khaoula Bouzekria\AppData\Local\GitHubDesktop\bin;C:\Program Files\dotnet\sdk\NuGetFallbackFolder\microsoft.codeanalysis.analyzers\1.1.0\tools;C:\Program Files\dotnet\sdk\NuGetFallbackFolder\microsoft.entityframeworkcore.tools\2.2.0\tools;C:\Program Files\dotnet\sdk\NuGetFallbackFolder\microsoft.aspnetcore.razor.design\2.2.0\tools;C:\Users\Khaoula Bouzekria\.nuget\packages\microsoft.entityframeworkcore.tools\2.2.3\tools;C:\Users\Khaoula Bouzekria\.nuget\packages\microsoft.entityframeworkcore.tools\2.2.4\tools;C:\Users\Khaoula Bouzekria\.nuget\packages\microsoft.aspnetcore.razor.design\2.1.0\tools
USERNAME=Khaoula Bouzekria
OS=Windows_NT
PROCESSOR_IDENTIFIER=Intel64 Family 6 Model 69 Stepping 1, GenuineIntel



---------------  S Y S T E M  ---------------

OS: Windows 10.0 , 64 bit Build 17134 (10.0.17134.1)

CPU:total 4 (initial active 4) (2 cores per cpu, 2 threads per core) family 6 model 69 stepping 1, cmov, cx8, fxsr, mmx, sse, sse2, sse3, ssse3, sse4.1, sse4.2, popcnt, avx, avx2, aes, clmul, erms, lzcnt, ht, tsc, tscinvbit, bmi1, bmi2

Memory: 4k page, physical 4088172k(326684k free), swap 16671084k(5648k free)

vm_info: OpenJDK 64-Bit Server VM (25.71-b00) for windows-amd64 JRE (1.8.0-25-microsoft-b00), built on Feb  7 2019 20:09:14 by "builder" with MS VC++ 10.0 (VS2010)

time: Fri May 15 16:41:04 2020
timezone: Afr. centrale Ouest
elapsed time: 21 seconds (0d 0h 0m 21s)

